{"/Users/somedo/Desktop/red-tetris-main/src/server/models/Game.models.js": {"path":"/Users/somedo/Desktop/red-tetris-main/src/server/models/Game.models.js","statementMap":{"0":{"start":{"line":1,"column":15},"end":{"line":1,"column":41}},"1":{"start":{"line":5,"column":4},"end":{"line":5,"column":19}},"2":{"start":{"line":6,"column":4},"end":{"line":6,"column":22}},"3":{"start":{"line":7,"column":4},"end":{"line":7,"column":25}},"4":{"start":{"line":8,"column":4},"end":{"line":8,"column":27}},"5":{"start":{"line":9,"column":4},"end":{"line":9,"column":24}},"6":{"start":{"line":10,"column":4},"end":{"line":10,"column":27}},"7":{"start":{"line":11,"column":4},"end":{"line":11,"column":28}},"8":{"start":{"line":12,"column":4},"end":{"line":12,"column":23}},"9":{"start":{"line":16,"column":4},"end":{"line":16,"column":21}},"10":{"start":{"line":17,"column":4},"end":{"line":17,"column":26}},"11":{"start":{"line":18,"column":4},"end":{"line":18,"column":41}},"12":{"start":{"line":19,"column":4},"end":{"line":19,"column":25}},"13":{"start":{"line":20,"column":4},"end":{"line":20,"column":22}},"14":{"start":{"line":21,"column":4},"end":{"line":21,"column":25}},"15":{"start":{"line":22,"column":4},"end":{"line":22,"column":29}},"16":{"start":{"line":23,"column":4},"end":{"line":23,"column":23}},"17":{"start":{"line":27,"column":4},"end":{"line":27,"column":19}},"18":{"start":{"line":31,"column":4},"end":{"line":31,"column":66}},"19":{"start":{"line":31,"column":36},"end":{"line":31,"column":64}},"20":{"start":{"line":35,"column":18},"end":{"line":35,"column":77}},"21":{"start":{"line":35,"column":48},"end":{"line":35,"column":76}},"22":{"start":{"line":36,"column":4},"end":{"line":39,"column":5}},"23":{"start":{"line":37,"column":6},"end":{"line":37,"column":42}},"24":{"start":{"line":38,"column":6},"end":{"line":38,"column":36}},"25":{"start":{"line":43,"column":4},"end":{"line":43,"column":23}},"26":{"start":{"line":47,"column":28},"end":{"line":47,"column":65}},"27":{"start":{"line":48,"column":21},"end":{"line":48,"column":23}},"28":{"start":{"line":49,"column":4},"end":{"line":53,"column":7}},"29":{"start":{"line":50,"column":21},"end":{"line":50,"column":33}},"30":{"start":{"line":51,"column":6},"end":{"line":51,"column":45}},"31":{"start":{"line":52,"column":6},"end":{"line":52,"column":30}},"32":{"start":{"line":54,"column":4},"end":{"line":54,"column":25}},"33":{"start":{"line":55,"column":4},"end":{"line":55,"column":30}},"34":{"start":{"line":56,"column":4},"end":{"line":56,"column":25}},"35":{"start":{"line":57,"column":4},"end":{"line":57,"column":29}},"36":{"start":{"line":58,"column":4},"end":{"line":58,"column":23}},"37":{"start":{"line":62,"column":4},"end":{"line":62,"column":28}},"38":{"start":{"line":66,"column":4},"end":{"line":66,"column":38}},"39":{"start":{"line":70,"column":4},"end":{"line":70,"column":34}},"40":{"start":{"line":71,"column":4},"end":{"line":71,"column":29}},"41":{"start":{"line":75,"column":4},"end":{"line":75,"column":30}},"42":{"start":{"line":79,"column":4},"end":{"line":79,"column":36}},"43":{"start":{"line":83,"column":18},"end":{"line":85,"column":5}},"44":{"start":{"line":84,"column":16},"end":{"line":84,"column":42}},"45":{"start":{"line":87,"column":4},"end":{"line":89,"column":5}},"46":{"start":{"line":88,"column":6},"end":{"line":88,"column":39}},"47":{"start":{"line":93,"column":4},"end":{"line":93,"column":29}},"48":{"start":{"line":97,"column":0},"end":{"line":97,"column":22}}},"fnMap":{"0":{"name":"(anonymous_0)","decl":{"start":{"line":4,"column":2},"end":{"line":4,"column":3}},"loc":{"start":{"line":4,"column":16},"end":{"line":13,"column":3}},"line":4},"1":{"name":"(anonymous_1)","decl":{"start":{"line":15,"column":2},"end":{"line":15,"column":3}},"loc":{"start":{"line":15,"column":52},"end":{"line":24,"column":3}},"line":15},"2":{"name":"(anonymous_2)","decl":{"start":{"line":26,"column":2},"end":{"line":26,"column":3}},"loc":{"start":{"line":26,"column":14},"end":{"line":28,"column":3}},"line":26},"3":{"name":"(anonymous_3)","decl":{"start":{"line":30,"column":2},"end":{"line":30,"column":3}},"loc":{"start":{"line":30,"column":22},"end":{"line":32,"column":3}},"line":30},"4":{"name":"(anonymous_4)","decl":{"start":{"line":31,"column":29},"end":{"line":31,"column":30}},"loc":{"start":{"line":31,"column":36},"end":{"line":31,"column":64}},"line":31},"5":{"name":"(anonymous_5)","decl":{"start":{"line":34,"column":2},"end":{"line":34,"column":3}},"loc":{"start":{"line":34,"column":25},"end":{"line":40,"column":3}},"line":34},"6":{"name":"(anonymous_6)","decl":{"start":{"line":35,"column":41},"end":{"line":35,"column":42}},"loc":{"start":{"line":35,"column":48},"end":{"line":35,"column":76}},"line":35},"7":{"name":"(anonymous_7)","decl":{"start":{"line":42,"column":2},"end":{"line":42,"column":3}},"loc":{"start":{"line":42,"column":21},"end":{"line":44,"column":3}},"line":42},"8":{"name":"(anonymous_8)","decl":{"start":{"line":46,"column":2},"end":{"line":46,"column":3}},"loc":{"start":{"line":46,"column":14},"end":{"line":59,"column":3}},"line":46},"9":{"name":"(anonymous_9)","decl":{"start":{"line":49,"column":28},"end":{"line":49,"column":29}},"loc":{"start":{"line":49,"column":38},"end":{"line":53,"column":5}},"line":49},"10":{"name":"(anonymous_10)","decl":{"start":{"line":61,"column":2},"end":{"line":61,"column":3}},"loc":{"start":{"line":61,"column":18},"end":{"line":63,"column":3}},"line":61},"11":{"name":"(anonymous_11)","decl":{"start":{"line":65,"column":2},"end":{"line":65,"column":3}},"loc":{"start":{"line":65,"column":28},"end":{"line":67,"column":3}},"line":65},"12":{"name":"(anonymous_12)","decl":{"start":{"line":69,"column":2},"end":{"line":69,"column":3}},"loc":{"start":{"line":69,"column":24},"end":{"line":72,"column":3}},"line":69},"13":{"name":"(anonymous_13)","decl":{"start":{"line":74,"column":2},"end":{"line":74,"column":3}},"loc":{"start":{"line":74,"column":20},"end":{"line":76,"column":3}},"line":74},"14":{"name":"(anonymous_14)","decl":{"start":{"line":78,"column":2},"end":{"line":78,"column":3}},"loc":{"start":{"line":78,"column":26},"end":{"line":80,"column":3}},"line":78},"15":{"name":"(anonymous_15)","decl":{"start":{"line":82,"column":2},"end":{"line":82,"column":3}},"loc":{"start":{"line":82,"column":28},"end":{"line":90,"column":3}},"line":82},"16":{"name":"(anonymous_16)","decl":{"start":{"line":84,"column":6},"end":{"line":84,"column":7}},"loc":{"start":{"line":84,"column":16},"end":{"line":84,"column":42}},"line":84},"17":{"name":"(anonymous_17)","decl":{"start":{"line":92,"column":2},"end":{"line":92,"column":3}},"loc":{"start":{"line":92,"column":27},"end":{"line":94,"column":3}},"line":92}},"branchMap":{"0":{"loc":{"start":{"line":15,"column":31},"end":{"line":15,"column":50}},"type":"default-arg","locations":[{"start":{"line":15,"column":42},"end":{"line":15,"column":50}}],"line":15},"1":{"loc":{"start":{"line":18,"column":20},"end":{"line":18,"column":40}},"type":"binary-expr","locations":[{"start":{"line":18,"column":20},"end":{"line":18,"column":28}},{"start":{"line":18,"column":32},"end":{"line":18,"column":40}}],"line":18},"2":{"loc":{"start":{"line":36,"column":4},"end":{"line":39,"column":5}},"type":"if","locations":[{"start":{"line":36,"column":4},"end":{"line":39,"column":5}},{"start":{"line":36,"column":4},"end":{"line":39,"column":5}}],"line":36},"3":{"loc":{"start":{"line":87,"column":4},"end":{"line":89,"column":5}},"type":"if","locations":[{"start":{"line":87,"column":4},"end":{"line":89,"column":5}},{"start":{"line":87,"column":4},"end":{"line":89,"column":5}}],"line":87}},"s":{"0":3,"1":21,"2":21,"3":21,"4":21,"5":21,"6":21,"7":21,"8":21,"9":21,"10":21,"11":21,"12":21,"13":21,"14":21,"15":21,"16":21,"17":1,"18":1,"19":1,"20":1,"21":2,"22":1,"23":1,"24":1,"25":1,"26":2,"27":2,"28":2,"29":6,"30":6,"31":6,"32":2,"33":2,"34":2,"35":2,"36":2,"37":1,"38":2,"39":1,"40":1,"41":5,"42":3,"43":1,"44":1,"45":1,"46":1,"47":1,"48":3},"f":{"0":21,"1":21,"2":1,"3":1,"4":1,"5":1,"6":2,"7":1,"8":2,"9":6,"10":1,"11":2,"12":1,"13":5,"14":3,"15":1,"16":1,"17":1},"b":{"0":[21],"1":[21,0],"2":[1,0],"3":[1,0]},"_coverageSchema":"1a1c01bbd47fc00a2c39e90264f33305004495a9","hash":"1e094502526513cd31d80ed241ce5b5dd03a4fdb"}
,"/Users/somedo/Desktop/red-tetris-main/src/server/models/Piece.models.js": {"path":"/Users/somedo/Desktop/red-tetris-main/src/server/models/Piece.models.js","statementMap":{"0":{"start":{"line":3,"column":8},"end":{"line":3,"column":34}},"1":{"start":{"line":7,"column":33},"end":{"line":8,"column":52}},"2":{"start":{"line":8,"column":12},"end":{"line":8,"column":51}},"3":{"start":{"line":8,"column":40},"end":{"line":8,"column":50}},"4":{"start":{"line":10,"column":8},"end":{"line":10,"column":51}},"5":{"start":{"line":11,"column":8},"end":{"line":11,"column":29}},"6":{"start":{"line":15,"column":0},"end":{"line":15,"column":22}}},"fnMap":{"0":{"name":"(anonymous_0)","decl":{"start":{"line":2,"column":4},"end":{"line":2,"column":5}},"loc":{"start":{"line":2,"column":27},"end":{"line":4,"column":5}},"line":2},"1":{"name":"(anonymous_1)","decl":{"start":{"line":6,"column":4},"end":{"line":6,"column":5}},"loc":{"start":{"line":6,"column":22},"end":{"line":12,"column":5}},"line":6},"2":{"name":"(anonymous_2)","decl":{"start":{"line":7,"column":52},"end":{"line":7,"column":53}},"loc":{"start":{"line":8,"column":12},"end":{"line":8,"column":51}},"line":8},"3":{"name":"(anonymous_3)","decl":{"start":{"line":8,"column":31},"end":{"line":8,"column":32}},"loc":{"start":{"line":8,"column":40},"end":{"line":8,"column":50}},"line":8}},"branchMap":{},"s":{"0":2,"1":2,"2":6,"3":18,"4":2,"5":2,"6":1},"f":{"0":2,"1":2,"2":6,"3":18},"b":{},"_coverageSchema":"1a1c01bbd47fc00a2c39e90264f33305004495a9","hash":"b72a89e990ce67b50fe650a551771e12373b9746"}
,"/Users/somedo/Desktop/red-tetris-main/src/server/models/Player.models.js": {"path":"/Users/somedo/Desktop/red-tetris-main/src/server/models/Player.models.js","statementMap":{"0":{"start":{"line":4,"column":4},"end":{"line":4,"column":36}},"1":{"start":{"line":6,"column":15},"end":{"line":31,"column":1}},"2":{"start":{"line":35,"column":4},"end":{"line":35,"column":25}},"3":{"start":{"line":36,"column":4},"end":{"line":36,"column":28}},"4":{"start":{"line":37,"column":4},"end":{"line":37,"column":26}},"5":{"start":{"line":38,"column":4},"end":{"line":38,"column":31}},"6":{"start":{"line":39,"column":4},"end":{"line":39,"column":26}},"7":{"start":{"line":40,"column":4},"end":{"line":40,"column":30}},"8":{"start":{"line":41,"column":4},"end":{"line":41,"column":22}},"9":{"start":{"line":42,"column":4},"end":{"line":42,"column":22}},"10":{"start":{"line":43,"column":4},"end":{"line":43,"column":22}},"11":{"start":{"line":44,"column":4},"end":{"line":44,"column":25}},"12":{"start":{"line":45,"column":4},"end":{"line":45,"column":25}},"13":{"start":{"line":46,"column":4},"end":{"line":46,"column":28}},"14":{"start":{"line":47,"column":4},"end":{"line":47,"column":28}},"15":{"start":{"line":48,"column":4},"end":{"line":48,"column":25}},"16":{"start":{"line":49,"column":4},"end":{"line":49,"column":36}},"17":{"start":{"line":53,"column":4},"end":{"line":53,"column":29}},"18":{"start":{"line":54,"column":4},"end":{"line":54,"column":46}},"19":{"start":{"line":55,"column":4},"end":{"line":55,"column":39}},"20":{"start":{"line":56,"column":4},"end":{"line":56,"column":28}},"21":{"start":{"line":57,"column":4},"end":{"line":57,"column":26}},"22":{"start":{"line":58,"column":4},"end":{"line":58,"column":30}},"23":{"start":{"line":59,"column":4},"end":{"line":59,"column":19}},"24":{"start":{"line":60,"column":4},"end":{"line":60,"column":19}},"25":{"start":{"line":61,"column":4},"end":{"line":61,"column":19}},"26":{"start":{"line":62,"column":4},"end":{"line":65,"column":6}},"27":{"start":{"line":66,"column":4},"end":{"line":69,"column":6}},"28":{"start":{"line":70,"column":4},"end":{"line":70,"column":29}},"29":{"start":{"line":71,"column":4},"end":{"line":71,"column":25}},"30":{"start":{"line":72,"column":4},"end":{"line":72,"column":26}},"31":{"start":{"line":73,"column":4},"end":{"line":73,"column":33}},"32":{"start":{"line":77,"column":4},"end":{"line":77,"column":24}},"33":{"start":{"line":81,"column":4},"end":{"line":81,"column":24}},"34":{"start":{"line":85,"column":4},"end":{"line":93,"column":5}},"35":{"start":{"line":86,"column":6},"end":{"line":92,"column":20}},"36":{"start":{"line":87,"column":8},"end":{"line":87,"column":37}},"37":{"start":{"line":89,"column":8},"end":{"line":91,"column":9}},"38":{"start":{"line":90,"column":10},"end":{"line":90,"column":55}},"39":{"start":{"line":92,"column":13},"end":{"line":92,"column":20}},"40":{"start":{"line":97,"column":4},"end":{"line":97,"column":31}},"41":{"start":{"line":101,"column":4},"end":{"line":101,"column":29}},"42":{"start":{"line":105,"column":4},"end":{"line":105,"column":26}},"43":{"start":{"line":109,"column":4},"end":{"line":112,"column":6}},"44":{"start":{"line":116,"column":4},"end":{"line":122,"column":5}},"45":{"start":{"line":117,"column":6},"end":{"line":121,"column":9}},"46":{"start":{"line":118,"column":8},"end":{"line":120,"column":9}},"47":{"start":{"line":119,"column":10},"end":{"line":119,"column":46}},"48":{"start":{"line":126,"column":4},"end":{"line":126,"column":31}},"49":{"start":{"line":130,"column":4},"end":{"line":130,"column":33}},"50":{"start":{"line":134,"column":4},"end":{"line":134,"column":29}},"51":{"start":{"line":135,"column":4},"end":{"line":135,"column":46}},"52":{"start":{"line":136,"column":4},"end":{"line":136,"column":28}},"53":{"start":{"line":140,"column":4},"end":{"line":140,"column":25}},"54":{"start":{"line":144,"column":4},"end":{"line":144,"column":31}},"55":{"start":{"line":148,"column":4},"end":{"line":148,"column":35}},"56":{"start":{"line":152,"column":4},"end":{"line":152,"column":25}},"57":{"start":{"line":156,"column":0},"end":{"line":156,"column":24}}},"fnMap":{"0":{"name":"(anonymous_0)","decl":{"start":{"line":34,"column":2},"end":{"line":34,"column":3}},"loc":{"start":{"line":34,"column":16},"end":{"line":50,"column":3}},"line":34},"1":{"name":"(anonymous_1)","decl":{"start":{"line":52,"column":2},"end":{"line":52,"column":3}},"loc":{"start":{"line":52,"column":29},"end":{"line":74,"column":3}},"line":52},"2":{"name":"(anonymous_2)","decl":{"start":{"line":76,"column":2},"end":{"line":76,"column":3}},"loc":{"start":{"line":76,"column":29},"end":{"line":78,"column":3}},"line":76},"3":{"name":"(anonymous_3)","decl":{"start":{"line":80,"column":2},"end":{"line":80,"column":3}},"loc":{"start":{"line":80,"column":33},"end":{"line":82,"column":3}},"line":80},"4":{"name":"(anonymous_4)","decl":{"start":{"line":84,"column":2},"end":{"line":84,"column":3}},"loc":{"start":{"line":84,"column":30},"end":{"line":94,"column":3}},"line":84},"5":{"name":"(anonymous_5)","decl":{"start":{"line":96,"column":2},"end":{"line":96,"column":3}},"loc":{"start":{"line":96,"column":35},"end":{"line":98,"column":3}},"line":96},"6":{"name":"(anonymous_6)","decl":{"start":{"line":100,"column":2},"end":{"line":100,"column":3}},"loc":{"start":{"line":100,"column":29},"end":{"line":102,"column":3}},"line":100},"7":{"name":"(anonymous_7)","decl":{"start":{"line":104,"column":2},"end":{"line":104,"column":3}},"loc":{"start":{"line":104,"column":31},"end":{"line":106,"column":3}},"line":104},"8":{"name":"(anonymous_8)","decl":{"start":{"line":108,"column":2},"end":{"line":108,"column":3}},"loc":{"start":{"line":108,"column":23},"end":{"line":113,"column":3}},"line":108},"9":{"name":"(anonymous_9)","decl":{"start":{"line":115,"column":2},"end":{"line":115,"column":3}},"loc":{"start":{"line":115,"column":65},"end":{"line":123,"column":3}},"line":115},"10":{"name":"(anonymous_10)","decl":{"start":{"line":117,"column":22},"end":{"line":117,"column":23}},"loc":{"start":{"line":117,"column":34},"end":{"line":121,"column":7}},"line":117},"11":{"name":"(anonymous_11)","decl":{"start":{"line":125,"column":2},"end":{"line":125,"column":3}},"loc":{"start":{"line":125,"column":29},"end":{"line":127,"column":3}},"line":125},"12":{"name":"(anonymous_12)","decl":{"start":{"line":129,"column":2},"end":{"line":129,"column":3}},"loc":{"start":{"line":129,"column":35},"end":{"line":131,"column":3}},"line":129},"13":{"name":"(anonymous_13)","decl":{"start":{"line":133,"column":2},"end":{"line":133,"column":3}},"loc":{"start":{"line":133,"column":32},"end":{"line":137,"column":3}},"line":133},"14":{"name":"(anonymous_14)","decl":{"start":{"line":139,"column":2},"end":{"line":139,"column":3}},"loc":{"start":{"line":139,"column":16},"end":{"line":141,"column":3}},"line":139},"15":{"name":"(anonymous_15)","decl":{"start":{"line":143,"column":2},"end":{"line":143,"column":3}},"loc":{"start":{"line":143,"column":26},"end":{"line":145,"column":3}},"line":143},"16":{"name":"(anonymous_16)","decl":{"start":{"line":147,"column":2},"end":{"line":147,"column":3}},"loc":{"start":{"line":147,"column":30},"end":{"line":149,"column":3}},"line":147},"17":{"name":"(anonymous_17)","decl":{"start":{"line":151,"column":2},"end":{"line":151,"column":3}},"loc":{"start":{"line":151,"column":16},"end":{"line":153,"column":3}},"line":151}},"branchMap":{"0":{"loc":{"start":{"line":80,"column":22},"end":{"line":80,"column":31}},"type":"default-arg","locations":[{"start":{"line":80,"column":30},"end":{"line":80,"column":31}}],"line":80},"1":{"loc":{"start":{"line":86,"column":6},"end":{"line":92,"column":20}},"type":"if","locations":[{"start":{"line":86,"column":6},"end":{"line":92,"column":20}},{"start":{"line":86,"column":6},"end":{"line":92,"column":20}}],"line":86},"2":{"loc":{"start":{"line":89,"column":8},"end":{"line":91,"column":9}},"type":"if","locations":[{"start":{"line":89,"column":8},"end":{"line":91,"column":9}},{"start":{"line":89,"column":8},"end":{"line":91,"column":9}}],"line":89},"3":{"loc":{"start":{"line":115,"column":54},"end":{"line":115,"column":63}},"type":"default-arg","locations":[{"start":{"line":115,"column":62},"end":{"line":115,"column":63}}],"line":115},"4":{"loc":{"start":{"line":116,"column":4},"end":{"line":122,"column":5}},"type":"if","locations":[{"start":{"line":116,"column":4},"end":{"line":122,"column":5}},{"start":{"line":116,"column":4},"end":{"line":122,"column":5}}],"line":116},"5":{"loc":{"start":{"line":118,"column":8},"end":{"line":120,"column":9}},"type":"if","locations":[{"start":{"line":118,"column":8},"end":{"line":120,"column":9}},{"start":{"line":118,"column":8},"end":{"line":120,"column":9}}],"line":118}},"s":{"0":4,"1":4,"2":38,"3":38,"4":38,"5":38,"6":38,"7":38,"8":38,"9":38,"10":38,"11":38,"12":38,"13":38,"14":38,"15":38,"16":38,"17":34,"18":34,"19":34,"20":34,"21":34,"22":34,"23":34,"24":34,"25":34,"26":34,"27":34,"28":34,"29":34,"30":34,"31":34,"32":4,"33":3,"34":3,"35":12,"36":9,"37":9,"38":0,"39":3,"40":6,"41":6,"42":3,"43":4,"44":1,"45":1,"46":3,"47":2,"48":2,"49":3,"50":4,"51":4,"52":4,"53":13,"54":2,"55":2,"56":1,"57":4},"f":{"0":38,"1":34,"2":4,"3":3,"4":3,"5":6,"6":6,"7":3,"8":4,"9":1,"10":3,"11":2,"12":3,"13":4,"14":13,"15":2,"16":2,"17":1},"b":{"0":[0],"1":[9,3],"2":[0,9],"3":[0],"4":[1,0],"5":[2,1]},"_coverageSchema":"1a1c01bbd47fc00a2c39e90264f33305004495a9","hash":"15559ce4c299f0ce64007b43a9d35f66b78a4d9b"}
,"/Users/somedo/Desktop/red-tetris-main/src/server/utils/Game.utils.js": {"path":"/Users/somedo/Desktop/red-tetris-main/src/server/utils/Game.utils.js","statementMap":{"0":{"start":{"line":2,"column":25},"end":{"line":2,"column":92}},"1":{"start":{"line":3,"column":2},"end":{"line":3,"column":42}},"2":{"start":{"line":7,"column":21},"end":{"line":7,"column":48}},"3":{"start":{"line":8,"column":2},"end":{"line":10,"column":3}},"4":{"start":{"line":8,"column":15},"end":{"line":8,"column":16}},"5":{"start":{"line":9,"column":4},"end":{"line":9,"column":52}},"6":{"start":{"line":11,"column":2},"end":{"line":11,"column":21}},"7":{"start":{"line":14,"column":0},"end":{"line":14,"column":69}}},"fnMap":{"0":{"name":"isValidGamemode","decl":{"start":{"line":1,"column":9},"end":{"line":1,"column":24}},"loc":{"start":{"line":1,"column":35},"end":{"line":4,"column":1}},"line":1},"1":{"name":"getGameboardIndestructibleLines","decl":{"start":{"line":6,"column":9},"end":{"line":6,"column":40}},"loc":{"start":{"line":6,"column":59},"end":{"line":12,"column":1}},"line":6}},"branchMap":{},"s":{"0":6,"1":6,"2":3,"3":3,"4":3,"5":2,"6":3,"7":3},"f":{"0":6,"1":3},"b":{},"_coverageSchema":"1a1c01bbd47fc00a2c39e90264f33305004495a9","hash":"e49a1e775322b9111da9deba9c773320523cd9be"}
,"/Users/somedo/Desktop/red-tetris-main/src/server/utils/Global.utils.js": {"path":"/Users/somedo/Desktop/red-tetris-main/src/server/utils/Global.utils.js","statementMap":{"0":{"start":{"line":1,"column":11},"end":{"line":1,"column":24}},"1":{"start":{"line":4,"column":2},"end":{"line":4,"column":59}},"2":{"start":{"line":4,"column":37},"end":{"line":4,"column":58}},"3":{"start":{"line":8,"column":30},"end":{"line":19,"column":3}},"4":{"start":{"line":21,"column":2},"end":{"line":22,"column":48}},"5":{"start":{"line":26,"column":19},"end":{"line":26,"column":56}},"6":{"start":{"line":27,"column":21},"end":{"line":27,"column":67}},"7":{"start":{"line":29,"column":22},"end":{"line":29,"column":69}},"8":{"start":{"line":29,"column":44},"end":{"line":29,"column":68}},"9":{"start":{"line":30,"column":27},"end":{"line":30,"column":79}},"10":{"start":{"line":30,"column":54},"end":{"line":30,"column":78}},"11":{"start":{"line":32,"column":2},"end":{"line":36,"column":3}},"12":{"start":{"line":33,"column":4},"end":{"line":33,"column":48}},"13":{"start":{"line":34,"column":9},"end":{"line":36,"column":3}},"14":{"start":{"line":35,"column":4},"end":{"line":35,"column":50}},"15":{"start":{"line":38,"column":27},"end":{"line":38,"column":86}},"16":{"start":{"line":38,"column":60},"end":{"line":38,"column":84}},"17":{"start":{"line":39,"column":2},"end":{"line":39,"column":75}},"18":{"start":{"line":43,"column":2},"end":{"line":43,"column":56}},"19":{"start":{"line":43,"column":32},"end":{"line":43,"column":55}},"20":{"start":{"line":46,"column":0},"end":{"line":51,"column":1}}},"fnMap":{"0":{"name":"createGameboard","decl":{"start":{"line":3,"column":9},"end":{"line":3,"column":24}},"loc":{"start":{"line":3,"column":27},"end":{"line":5,"column":1}},"line":3},"1":{"name":"(anonymous_1)","decl":{"start":{"line":4,"column":31},"end":{"line":4,"column":32}},"loc":{"start":{"line":4,"column":37},"end":{"line":4,"column":58}},"line":4},"2":{"name":"getRandomAvatarColor","decl":{"start":{"line":7,"column":9},"end":{"line":7,"column":29}},"loc":{"start":{"line":7,"column":32},"end":{"line":23,"column":1}},"line":7},"3":{"name":"pushToHighscores","decl":{"start":{"line":25,"column":9},"end":{"line":25,"column":25}},"loc":{"start":{"line":25,"column":53},"end":{"line":40,"column":1}},"line":25},"4":{"name":"(anonymous_4)","decl":{"start":{"line":29,"column":38},"end":{"line":29,"column":39}},"loc":{"start":{"line":29,"column":44},"end":{"line":29,"column":68}},"line":29},"5":{"name":"(anonymous_5)","decl":{"start":{"line":30,"column":48},"end":{"line":30,"column":49}},"loc":{"start":{"line":30,"column":54},"end":{"line":30,"column":78}},"line":30},"6":{"name":"(anonymous_6)","decl":{"start":{"line":38,"column":43},"end":{"line":38,"column":44}},"loc":{"start":{"line":38,"column":59},"end":{"line":38,"column":85}},"line":38},"7":{"name":"sleep","decl":{"start":{"line":42,"column":9},"end":{"line":42,"column":14}},"loc":{"start":{"line":42,"column":19},"end":{"line":44,"column":1}},"line":42},"8":{"name":"(anonymous_8)","decl":{"start":{"line":43,"column":21},"end":{"line":43,"column":22}},"loc":{"start":{"line":43,"column":32},"end":{"line":43,"column":55}},"line":43}},"branchMap":{"0":{"loc":{"start":{"line":32,"column":2},"end":{"line":36,"column":3}},"type":"if","locations":[{"start":{"line":32,"column":2},"end":{"line":36,"column":3}},{"start":{"line":32,"column":2},"end":{"line":36,"column":3}}],"line":32},"1":{"loc":{"start":{"line":32,"column":6},"end":{"line":32,"column":50}},"type":"binary-expr","locations":[{"start":{"line":32,"column":6},"end":{"line":32,"column":19}},{"start":{"line":32,"column":23},"end":{"line":32,"column":50}}],"line":32},"2":{"loc":{"start":{"line":34,"column":9},"end":{"line":36,"column":3}},"type":"if","locations":[{"start":{"line":34,"column":9},"end":{"line":36,"column":3}},{"start":{"line":34,"column":9},"end":{"line":36,"column":3}}],"line":34}},"s":{"0":6,"1":36,"2":720,"3":41,"4":41,"5":3,"6":3,"7":3,"8":2,"9":3,"10":2,"11":3,"12":1,"13":2,"14":1,"15":3,"16":0,"17":3,"18":1,"19":1,"20":6},"f":{"0":36,"1":720,"2":41,"3":3,"4":2,"5":2,"6":0,"7":1,"8":1},"b":{"0":[1,2],"1":[3,2],"2":[1,1]},"_coverageSchema":"1a1c01bbd47fc00a2c39e90264f33305004495a9","hash":"7d4c8fcf77fdc73f9a21e8623b3c51180689d32c"}
,"/Users/somedo/Desktop/red-tetris-main/src/server/utils/Move.utils.js": {"path":"/Users/somedo/Desktop/red-tetris-main/src/server/utils/Move.utils.js","statementMap":{"0":{"start":{"line":7,"column":4},"end":{"line":7,"column":33}},"1":{"start":{"line":8,"column":29},"end":{"line":8,"column":54}},"2":{"start":{"line":9,"column":14},"end":{"line":9,"column":47}},"3":{"start":{"line":12,"column":21},"end":{"line":18,"column":3}},"4":{"start":{"line":19,"column":2},"end":{"line":19,"column":35}},"5":{"start":{"line":23,"column":19},"end":{"line":23,"column":38}},"6":{"start":{"line":24,"column":20},"end":{"line":24,"column":51}},"7":{"start":{"line":25,"column":27},"end":{"line":25,"column":54}},"8":{"start":{"line":27,"column":21},"end":{"line":29,"column":3}},"9":{"start":{"line":28,"column":4},"end":{"line":28,"column":25}},"10":{"start":{"line":30,"column":21},"end":{"line":30,"column":70}},"11":{"start":{"line":32,"column":21},"end":{"line":37,"column":3}},"12":{"start":{"line":38,"column":2},"end":{"line":40,"column":3}},"13":{"start":{"line":39,"column":4},"end":{"line":39,"column":11}},"14":{"start":{"line":42,"column":2},"end":{"line":42,"column":47}},"15":{"start":{"line":45,"column":2},"end":{"line":64,"column":5}},"16":{"start":{"line":46,"column":4},"end":{"line":63,"column":7}},"17":{"start":{"line":47,"column":22},"end":{"line":47,"column":44}},"18":{"start":{"line":48,"column":22},"end":{"line":48,"column":43}},"19":{"start":{"line":50,"column":8},"end":{"line":53,"column":20}},"20":{"start":{"line":55,"column":6},"end":{"line":62,"column":7}},"21":{"start":{"line":56,"column":30},"end":{"line":56,"column":60}},"22":{"start":{"line":58,"column":10},"end":{"line":58,"column":79}},"23":{"start":{"line":59,"column":8},"end":{"line":61,"column":9}},"24":{"start":{"line":60,"column":10},"end":{"line":60,"column":45}},"25":{"start":{"line":66,"column":20},"end":{"line":71,"column":3}},"26":{"start":{"line":74,"column":2},"end":{"line":84,"column":5}},"27":{"start":{"line":75,"column":4},"end":{"line":83,"column":7}},"28":{"start":{"line":76,"column":28},"end":{"line":76,"column":65}},"29":{"start":{"line":78,"column":8},"end":{"line":79,"column":43}},"30":{"start":{"line":80,"column":6},"end":{"line":82,"column":7}},"31":{"start":{"line":81,"column":8},"end":{"line":81,"column":46}},"32":{"start":{"line":87,"column":2},"end":{"line":95,"column":5}},"33":{"start":{"line":88,"column":4},"end":{"line":94,"column":7}},"34":{"start":{"line":89,"column":22},"end":{"line":89,"column":44}},"35":{"start":{"line":90,"column":22},"end":{"line":90,"column":46}},"36":{"start":{"line":91,"column":6},"end":{"line":93,"column":7}},"37":{"start":{"line":92,"column":8},"end":{"line":92,"column":60}},"38":{"start":{"line":98,"column":2},"end":{"line":118,"column":5}},"39":{"start":{"line":99,"column":4},"end":{"line":117,"column":7}},"40":{"start":{"line":100,"column":22},"end":{"line":100,"column":44}},"41":{"start":{"line":101,"column":22},"end":{"line":101,"column":43}},"42":{"start":{"line":103,"column":6},"end":{"line":116,"column":7}},"43":{"start":{"line":109,"column":30},"end":{"line":109,"column":60}},"44":{"start":{"line":111,"column":10},"end":{"line":111,"column":79}},"45":{"start":{"line":113,"column":8},"end":{"line":115,"column":9}},"46":{"start":{"line":114,"column":10},"end":{"line":114,"column":48}},"47":{"start":{"line":119,"column":2},"end":{"line":119,"column":80}},"48":{"start":{"line":123,"column":21},"end":{"line":123,"column":24}},"49":{"start":{"line":124,"column":2},"end":{"line":126,"column":3}},"50":{"start":{"line":125,"column":4},"end":{"line":125,"column":11}},"51":{"start":{"line":128,"column":19},"end":{"line":128,"column":34}},"52":{"start":{"line":129,"column":20},"end":{"line":129,"column":36}},"53":{"start":{"line":130,"column":19},"end":{"line":130,"column":47}},"54":{"start":{"line":131,"column":23},"end":{"line":131,"column":31}},"55":{"start":{"line":133,"column":2},"end":{"line":135,"column":3}},"56":{"start":{"line":134,"column":4},"end":{"line":134,"column":11}},"57":{"start":{"line":137,"column":2},"end":{"line":145,"column":5}},"58":{"start":{"line":138,"column":4},"end":{"line":144,"column":7}},"59":{"start":{"line":139,"column":22},"end":{"line":139,"column":44}},"60":{"start":{"line":140,"column":22},"end":{"line":140,"column":62}},"61":{"start":{"line":141,"column":6},"end":{"line":143,"column":7}},"62":{"start":{"line":142,"column":8},"end":{"line":142,"column":61}},"63":{"start":{"line":147,"column":2},"end":{"line":147,"column":22}},"64":{"start":{"line":148,"column":2},"end":{"line":148,"column":36}},"65":{"start":{"line":149,"column":2},"end":{"line":149,"column":25}},"66":{"start":{"line":151,"column":24},"end":{"line":151,"column":51}},"67":{"start":{"line":152,"column":21},"end":{"line":152,"column":64}},"68":{"start":{"line":152,"column":52},"end":{"line":152,"column":63}},"69":{"start":{"line":155,"column":2},"end":{"line":166,"column":5}},"70":{"start":{"line":156,"column":23},"end":{"line":156,"column":60}},"71":{"start":{"line":157,"column":4},"end":{"line":165,"column":5}},"72":{"start":{"line":158,"column":6},"end":{"line":158,"column":27}},"73":{"start":{"line":159,"column":6},"end":{"line":159,"column":64}},"74":{"start":{"line":161,"column":6},"end":{"line":164,"column":7}},"75":{"start":{"line":162,"column":8},"end":{"line":162,"column":37}},"76":{"start":{"line":163,"column":8},"end":{"line":163,"column":39}},"77":{"start":{"line":168,"column":2},"end":{"line":170,"column":3}},"78":{"start":{"line":169,"column":4},"end":{"line":169,"column":11}},"79":{"start":{"line":172,"column":2},"end":{"line":172,"column":61}},"80":{"start":{"line":172,"column":48},"end":{"line":172,"column":59}},"81":{"start":{"line":175,"column":2},"end":{"line":183,"column":3}},"82":{"start":{"line":177,"column":4},"end":{"line":177,"column":35}},"83":{"start":{"line":180,"column":7},"end":{"line":183,"column":3}},"84":{"start":{"line":182,"column":4},"end":{"line":182,"column":44}},"85":{"start":{"line":187,"column":2},"end":{"line":187,"column":36}},"86":{"start":{"line":191,"column":2},"end":{"line":191,"column":35}},"87":{"start":{"line":195,"column":19},"end":{"line":195,"column":38}},"88":{"start":{"line":196,"column":20},"end":{"line":196,"column":40}},"89":{"start":{"line":197,"column":22},"end":{"line":197,"column":37}},"90":{"start":{"line":199,"column":21},"end":{"line":201,"column":3}},"91":{"start":{"line":200,"column":4},"end":{"line":200,"column":25}},"92":{"start":{"line":202,"column":21},"end":{"line":202,"column":70}},"93":{"start":{"line":204,"column":20},"end":{"line":209,"column":3}},"94":{"start":{"line":211,"column":2},"end":{"line":211,"column":61}},"95":{"start":{"line":213,"column":2},"end":{"line":213,"column":22}},"96":{"start":{"line":216,"column":2},"end":{"line":227,"column":5}},"97":{"start":{"line":217,"column":4},"end":{"line":226,"column":7}},"98":{"start":{"line":218,"column":22},"end":{"line":218,"column":47}},"99":{"start":{"line":219,"column":22},"end":{"line":219,"column":46}},"100":{"start":{"line":220,"column":28},"end":{"line":220,"column":62}},"101":{"start":{"line":222,"column":8},"end":{"line":222,"column":77}},"102":{"start":{"line":223,"column":6},"end":{"line":225,"column":7}},"103":{"start":{"line":224,"column":8},"end":{"line":224,"column":43}},"104":{"start":{"line":231,"column":2},"end":{"line":233,"column":3}},"105":{"start":{"line":232,"column":4},"end":{"line":232,"column":11}},"106":{"start":{"line":235,"column":2},"end":{"line":237,"column":3}},"107":{"start":{"line":236,"column":4},"end":{"line":236,"column":36}},"108":{"start":{"line":239,"column":2},"end":{"line":259,"column":3}},"109":{"start":{"line":241,"column":6},"end":{"line":241,"column":29}},"110":{"start":{"line":242,"column":6},"end":{"line":242,"column":12}},"111":{"start":{"line":244,"column":6},"end":{"line":244,"column":32}},"112":{"start":{"line":245,"column":6},"end":{"line":245,"column":12}},"113":{"start":{"line":247,"column":6},"end":{"line":247,"column":26}},"114":{"start":{"line":248,"column":6},"end":{"line":248,"column":12}},"115":{"start":{"line":250,"column":6},"end":{"line":250,"column":27}},"116":{"start":{"line":251,"column":6},"end":{"line":251,"column":12}},"117":{"start":{"line":253,"column":6},"end":{"line":253,"column":24}},"118":{"start":{"line":254,"column":6},"end":{"line":254,"column":12}},"119":{"start":{"line":258,"column":6},"end":{"line":258,"column":12}},"120":{"start":{"line":262,"column":0},"end":{"line":268,"column":2}}},"fnMap":{"0":{"name":"isValidMove","decl":{"start":{"line":11,"column":9},"end":{"line":11,"column":20}},"loc":{"start":{"line":11,"column":27},"end":{"line":20,"column":1}},"line":11},"1":{"name":"handleRotatePiece","decl":{"start":{"line":22,"column":9},"end":{"line":22,"column":26}},"loc":{"start":{"line":22,"column":32},"end":{"line":120,"column":1}},"line":22},"2":{"name":"(anonymous_2)","decl":{"start":{"line":27,"column":64},"end":{"line":27,"column":65}},"loc":{"start":{"line":28,"column":4},"end":{"line":28,"column":25}},"line":28},"3":{"name":"(anonymous_3)","decl":{"start":{"line":45,"column":27},"end":{"line":45,"column":28}},"loc":{"start":{"line":45,"column":46},"end":{"line":64,"column":3}},"line":45},"4":{"name":"(anonymous_4)","decl":{"start":{"line":46,"column":16},"end":{"line":46,"column":17}},"loc":{"start":{"line":46,"column":38},"end":{"line":63,"column":5}},"line":46},"5":{"name":"(anonymous_5)","decl":{"start":{"line":74,"column":23},"end":{"line":74,"column":24}},"loc":{"start":{"line":74,"column":42},"end":{"line":84,"column":3}},"line":74},"6":{"name":"(anonymous_6)","decl":{"start":{"line":75,"column":16},"end":{"line":75,"column":17}},"loc":{"start":{"line":75,"column":38},"end":{"line":83,"column":5}},"line":75},"7":{"name":"(anonymous_7)","decl":{"start":{"line":87,"column":27},"end":{"line":87,"column":28}},"loc":{"start":{"line":87,"column":46},"end":{"line":95,"column":3}},"line":87},"8":{"name":"(anonymous_8)","decl":{"start":{"line":88,"column":16},"end":{"line":88,"column":17}},"loc":{"start":{"line":88,"column":37},"end":{"line":94,"column":5}},"line":88},"9":{"name":"(anonymous_9)","decl":{"start":{"line":98,"column":27},"end":{"line":98,"column":28}},"loc":{"start":{"line":98,"column":46},"end":{"line":118,"column":3}},"line":98},"10":{"name":"(anonymous_10)","decl":{"start":{"line":99,"column":16},"end":{"line":99,"column":17}},"loc":{"start":{"line":99,"column":37},"end":{"line":117,"column":5}},"line":99},"11":{"name":"handleMoveDown","decl":{"start":{"line":122,"column":15},"end":{"line":122,"column":29}},"loc":{"start":{"line":122,"column":35},"end":{"line":184,"column":1}},"line":122},"12":{"name":"(anonymous_12)","decl":{"start":{"line":137,"column":20},"end":{"line":137,"column":21}},"loc":{"start":{"line":137,"column":39},"end":{"line":145,"column":3}},"line":137},"13":{"name":"(anonymous_13)","decl":{"start":{"line":138,"column":16},"end":{"line":138,"column":17}},"loc":{"start":{"line":138,"column":37},"end":{"line":144,"column":5}},"line":138},"14":{"name":"(anonymous_14)","decl":{"start":{"line":152,"column":45},"end":{"line":152,"column":46}},"loc":{"start":{"line":152,"column":52},"end":{"line":152,"column":63}},"line":152},"15":{"name":"(anonymous_15)","decl":{"start":{"line":155,"column":30},"end":{"line":155,"column":31}},"loc":{"start":{"line":155,"column":40},"end":{"line":166,"column":3}},"line":155},"16":{"name":"(anonymous_16)","decl":{"start":{"line":172,"column":41},"end":{"line":172,"column":42}},"loc":{"start":{"line":172,"column":48},"end":{"line":172,"column":59}},"line":172},"17":{"name":"handleMoveLeft","decl":{"start":{"line":186,"column":9},"end":{"line":186,"column":23}},"loc":{"start":{"line":186,"column":29},"end":{"line":188,"column":1}},"line":186},"18":{"name":"handleMoveRight","decl":{"start":{"line":190,"column":9},"end":{"line":190,"column":24}},"loc":{"start":{"line":190,"column":30},"end":{"line":192,"column":1}},"line":190},"19":{"name":"fixTetrimino","decl":{"start":{"line":194,"column":9},"end":{"line":194,"column":21}},"loc":{"start":{"line":194,"column":27},"end":{"line":228,"column":1}},"line":194},"20":{"name":"(anonymous_20)","decl":{"start":{"line":199,"column":57},"end":{"line":199,"column":58}},"loc":{"start":{"line":200,"column":4},"end":{"line":200,"column":25}},"line":200},"21":{"name":"(anonymous_21)","decl":{"start":{"line":216,"column":20},"end":{"line":216,"column":21}},"loc":{"start":{"line":216,"column":39},"end":{"line":227,"column":3}},"line":216},"22":{"name":"(anonymous_22)","decl":{"start":{"line":217,"column":16},"end":{"line":217,"column":17}},"loc":{"start":{"line":217,"column":38},"end":{"line":226,"column":5}},"line":217},"23":{"name":"handleTetriminoMove","decl":{"start":{"line":230,"column":15},"end":{"line":230,"column":34}},"loc":{"start":{"line":230,"column":46},"end":{"line":260,"column":1}},"line":230}},"branchMap":{"0":{"loc":{"start":{"line":38,"column":2},"end":{"line":40,"column":3}},"type":"if","locations":[{"start":{"line":38,"column":2},"end":{"line":40,"column":3}},{"start":{"line":38,"column":2},"end":{"line":40,"column":3}}],"line":38},"1":{"loc":{"start":{"line":50,"column":8},"end":{"line":53,"column":20}},"type":"binary-expr","locations":[{"start":{"line":50,"column":8},"end":{"line":50,"column":20}},{"start":{"line":51,"column":8},"end":{"line":51,"column":46}},{"start":{"line":52,"column":8},"end":{"line":52,"column":20}},{"start":{"line":53,"column":8},"end":{"line":53,"column":20}}],"line":50},"2":{"loc":{"start":{"line":55,"column":6},"end":{"line":62,"column":7}},"type":"if","locations":[{"start":{"line":55,"column":6},"end":{"line":62,"column":7}},{"start":{"line":55,"column":6},"end":{"line":62,"column":7}}],"line":55},"3":{"loc":{"start":{"line":58,"column":10},"end":{"line":58,"column":79}},"type":"binary-expr","locations":[{"start":{"line":58,"column":10},"end":{"line":58,"column":43}},{"start":{"line":58,"column":47},"end":{"line":58,"column":79}}],"line":58},"4":{"loc":{"start":{"line":59,"column":8},"end":{"line":61,"column":9}},"type":"if","locations":[{"start":{"line":59,"column":8},"end":{"line":61,"column":9}},{"start":{"line":59,"column":8},"end":{"line":61,"column":9}}],"line":59},"5":{"loc":{"start":{"line":78,"column":8},"end":{"line":79,"column":43}},"type":"binary-expr","locations":[{"start":{"line":78,"column":8},"end":{"line":78,"column":41}},{"start":{"line":79,"column":8},"end":{"line":79,"column":43}}],"line":78},"6":{"loc":{"start":{"line":80,"column":6},"end":{"line":82,"column":7}},"type":"if","locations":[{"start":{"line":80,"column":6},"end":{"line":82,"column":7}},{"start":{"line":80,"column":6},"end":{"line":82,"column":7}}],"line":80},"7":{"loc":{"start":{"line":80,"column":10},"end":{"line":80,"column":37}},"type":"binary-expr","locations":[{"start":{"line":80,"column":10},"end":{"line":80,"column":23}},{"start":{"line":80,"column":27},"end":{"line":80,"column":37}}],"line":80},"8":{"loc":{"start":{"line":91,"column":6},"end":{"line":93,"column":7}},"type":"if","locations":[{"start":{"line":91,"column":6},"end":{"line":93,"column":7}},{"start":{"line":91,"column":6},"end":{"line":93,"column":7}}],"line":91},"9":{"loc":{"start":{"line":103,"column":6},"end":{"line":116,"column":7}},"type":"if","locations":[{"start":{"line":103,"column":6},"end":{"line":116,"column":7}},{"start":{"line":103,"column":6},"end":{"line":116,"column":7}}],"line":103},"10":{"loc":{"start":{"line":104,"column":8},"end":{"line":107,"column":20}},"type":"binary-expr","locations":[{"start":{"line":104,"column":8},"end":{"line":104,"column":20}},{"start":{"line":105,"column":8},"end":{"line":105,"column":46}},{"start":{"line":106,"column":8},"end":{"line":106,"column":20}},{"start":{"line":107,"column":8},"end":{"line":107,"column":20}}],"line":104},"11":{"loc":{"start":{"line":111,"column":10},"end":{"line":111,"column":79}},"type":"binary-expr","locations":[{"start":{"line":111,"column":10},"end":{"line":111,"column":43}},{"start":{"line":111,"column":47},"end":{"line":111,"column":79}}],"line":111},"12":{"loc":{"start":{"line":113,"column":8},"end":{"line":115,"column":9}},"type":"if","locations":[{"start":{"line":113,"column":8},"end":{"line":115,"column":9}},{"start":{"line":113,"column":8},"end":{"line":115,"column":9}}],"line":113},"13":{"loc":{"start":{"line":124,"column":2},"end":{"line":126,"column":3}},"type":"if","locations":[{"start":{"line":124,"column":2},"end":{"line":126,"column":3}},{"start":{"line":124,"column":2},"end":{"line":126,"column":3}}],"line":124},"14":{"loc":{"start":{"line":133,"column":2},"end":{"line":135,"column":3}},"type":"if","locations":[{"start":{"line":133,"column":2},"end":{"line":135,"column":3}},{"start":{"line":133,"column":2},"end":{"line":135,"column":3}}],"line":133},"15":{"loc":{"start":{"line":141,"column":6},"end":{"line":143,"column":7}},"type":"if","locations":[{"start":{"line":141,"column":6},"end":{"line":143,"column":7}},{"start":{"line":141,"column":6},"end":{"line":143,"column":7}}],"line":141},"16":{"loc":{"start":{"line":141,"column":10},"end":{"line":141,"column":49}},"type":"binary-expr","locations":[{"start":{"line":141,"column":10},"end":{"line":141,"column":20}},{"start":{"line":141,"column":24},"end":{"line":141,"column":49}}],"line":141},"17":{"loc":{"start":{"line":156,"column":23},"end":{"line":156,"column":60}},"type":"binary-expr","locations":[{"start":{"line":156,"column":23},"end":{"line":156,"column":33}},{"start":{"line":156,"column":37},"end":{"line":156,"column":60}}],"line":156},"18":{"loc":{"start":{"line":157,"column":4},"end":{"line":165,"column":5}},"type":"if","locations":[{"start":{"line":157,"column":4},"end":{"line":165,"column":5}},{"start":{"line":157,"column":4},"end":{"line":165,"column":5}}],"line":157},"19":{"loc":{"start":{"line":157,"column":8},"end":{"line":157,"column":38}},"type":"binary-expr","locations":[{"start":{"line":157,"column":8},"end":{"line":157,"column":18}},{"start":{"line":157,"column":22},"end":{"line":157,"column":38}}],"line":157},"20":{"loc":{"start":{"line":161,"column":6},"end":{"line":164,"column":7}},"type":"if","locations":[{"start":{"line":161,"column":6},"end":{"line":164,"column":7}},{"start":{"line":161,"column":6},"end":{"line":164,"column":7}}],"line":161},"21":{"loc":{"start":{"line":168,"column":2},"end":{"line":170,"column":3}},"type":"if","locations":[{"start":{"line":168,"column":2},"end":{"line":170,"column":3}},{"start":{"line":168,"column":2},"end":{"line":170,"column":3}}],"line":168},"22":{"loc":{"start":{"line":175,"column":2},"end":{"line":183,"column":3}},"type":"if","locations":[{"start":{"line":175,"column":2},"end":{"line":183,"column":3}},{"start":{"line":175,"column":2},"end":{"line":183,"column":3}}],"line":175},"23":{"loc":{"start":{"line":175,"column":6},"end":{"line":175,"column":55}},"type":"binary-expr","locations":[{"start":{"line":175,"column":6},"end":{"line":175,"column":32}},{"start":{"line":175,"column":36},"end":{"line":175,"column":55}}],"line":175},"24":{"loc":{"start":{"line":180,"column":7},"end":{"line":183,"column":3}},"type":"if","locations":[{"start":{"line":180,"column":7},"end":{"line":183,"column":3}},{"start":{"line":180,"column":7},"end":{"line":183,"column":3}}],"line":180},"25":{"loc":{"start":{"line":180,"column":11},"end":{"line":180,"column":53}},"type":"binary-expr","locations":[{"start":{"line":180,"column":11},"end":{"line":180,"column":24}},{"start":{"line":180,"column":28},"end":{"line":180,"column":53}}],"line":180},"26":{"loc":{"start":{"line":222,"column":8},"end":{"line":222,"column":77}},"type":"binary-expr","locations":[{"start":{"line":222,"column":8},"end":{"line":222,"column":41}},{"start":{"line":222,"column":45},"end":{"line":222,"column":77}}],"line":222},"27":{"loc":{"start":{"line":223,"column":6},"end":{"line":225,"column":7}},"type":"if","locations":[{"start":{"line":223,"column":6},"end":{"line":225,"column":7}},{"start":{"line":223,"column":6},"end":{"line":225,"column":7}}],"line":223},"28":{"loc":{"start":{"line":223,"column":10},"end":{"line":223,"column":39}},"type":"binary-expr","locations":[{"start":{"line":223,"column":10},"end":{"line":223,"column":23}},{"start":{"line":223,"column":27},"end":{"line":223,"column":39}}],"line":223},"29":{"loc":{"start":{"line":231,"column":2},"end":{"line":233,"column":3}},"type":"if","locations":[{"start":{"line":231,"column":2},"end":{"line":233,"column":3}},{"start":{"line":231,"column":2},"end":{"line":233,"column":3}}],"line":231},"30":{"loc":{"start":{"line":235,"column":2},"end":{"line":237,"column":3}},"type":"if","locations":[{"start":{"line":235,"column":2},"end":{"line":237,"column":3}},{"start":{"line":235,"column":2},"end":{"line":237,"column":3}}],"line":235},"31":{"loc":{"start":{"line":239,"column":2},"end":{"line":259,"column":3}},"type":"switch","locations":[{"start":{"line":240,"column":4},"end":{"line":242,"column":12}},{"start":{"line":243,"column":4},"end":{"line":245,"column":12}},{"start":{"line":246,"column":4},"end":{"line":248,"column":12}},{"start":{"line":249,"column":4},"end":{"line":251,"column":12}},{"start":{"line":252,"column":4},"end":{"line":254,"column":12}},{"start":{"line":256,"column":4},"end":{"line":258,"column":12}}],"line":239}},"s":{"0":1,"1":1,"2":1,"3":11,"4":11,"5":2,"6":2,"7":2,"8":2,"9":6,"10":2,"11":2,"12":2,"13":0,"14":2,"15":2,"16":6,"17":18,"18":18,"19":18,"20":18,"21":18,"22":18,"23":18,"24":18,"25":2,"26":2,"27":46,"28":460,"29":460,"30":460,"31":0,"32":2,"33":6,"34":18,"35":18,"36":18,"37":8,"38":2,"39":6,"40":18,"41":18,"42":18,"43":18,"44":18,"45":18,"46":18,"47":2,"48":2,"49":2,"50":0,"51":2,"52":2,"53":2,"54":2,"55":2,"56":0,"57":2,"58":6,"59":18,"60":18,"61":18,"62":8,"63":2,"64":2,"65":2,"66":2,"67":2,"68":0,"69":2,"70":20,"71":20,"72":0,"73":0,"74":0,"75":0,"76":0,"77":2,"78":0,"79":2,"80":0,"81":2,"82":0,"83":2,"84":0,"85":1,"86":2,"87":1,"88":1,"89":1,"90":1,"91":3,"92":1,"93":1,"94":1,"95":1,"96":1,"97":3,"98":9,"99":9,"100":9,"101":9,"102":9,"103":0,"104":4,"105":0,"106":4,"107":4,"108":4,"109":1,"110":1,"111":0,"112":0,"113":1,"114":1,"115":2,"116":2,"117":0,"118":0,"119":0,"120":1},"f":{"0":11,"1":2,"2":6,"3":6,"4":18,"5":46,"6":460,"7":6,"8":18,"9":6,"10":18,"11":2,"12":6,"13":18,"14":0,"15":20,"16":0,"17":1,"18":2,"19":1,"20":3,"21":3,"22":9,"23":4},"b":{"0":[0,2],"1":[18,18,18,18],"2":[18,0],"3":[18,0],"4":[18,0],"5":[460,0],"6":[0,460],"7":[460,0],"8":[8,10],"9":[18,0],"10":[18,18,18,18],"11":[18,0],"12":[18,0],"13":[0,2],"14":[0,2],"15":[8,10],"16":[18,8],"17":[20,0],"18":[0,20],"19":[20,0],"20":[0,0],"21":[0,2],"22":[0,2],"23":[2,0],"24":[0,2],"25":[2,0],"26":[9,0],"27":[0,9],"28":[9,0],"29":[0,4],"30":[4,0],"31":[1,0,1,2,0,0]},"_coverageSchema":"1a1c01bbd47fc00a2c39e90264f33305004495a9","hash":"6531ff00c64f367986a980ea51c4145288af9ce0"}
,"/Users/somedo/Desktop/red-tetris-main/src/server/utils/Player.utils.js": {"path":"/Users/somedo/Desktop/red-tetris-main/src/server/utils/Player.utils.js","statementMap":{"0":{"start":{"line":1,"column":50},"end":{"line":1,"column":75}},"1":{"start":{"line":3,"column":15},"end":{"line":28,"column":1}},"2":{"start":{"line":31,"column":2},"end":{"line":31,"column":23}},"3":{"start":{"line":35,"column":2},"end":{"line":35,"column":23}},"4":{"start":{"line":39,"column":2},"end":{"line":47,"column":3}},"5":{"start":{"line":40,"column":4},"end":{"line":46,"column":17}},"6":{"start":{"line":41,"column":6},"end":{"line":41,"column":36}},"7":{"start":{"line":43,"column":6},"end":{"line":45,"column":7}},"8":{"start":{"line":44,"column":8},"end":{"line":44,"column":54}},"9":{"start":{"line":46,"column":11},"end":{"line":46,"column":17}},"10":{"start":{"line":51,"column":2},"end":{"line":51,"column":30}},"11":{"start":{"line":55,"column":2},"end":{"line":55,"column":28}},"12":{"start":{"line":59,"column":2},"end":{"line":65,"column":3}},"13":{"start":{"line":60,"column":4},"end":{"line":64,"column":6}},"14":{"start":{"line":61,"column":6},"end":{"line":63,"column":7}},"15":{"start":{"line":62,"column":8},"end":{"line":62,"column":43}},"16":{"start":{"line":69,"column":2},"end":{"line":69,"column":39}},"17":{"start":{"line":73,"column":2},"end":{"line":95,"column":3}},"18":{"start":{"line":99,"column":2},"end":{"line":103,"column":3}},"19":{"start":{"line":106,"column":0},"end":{"line":116,"column":1}}},"fnMap":{"0":{"name":"increasePlayerScore","decl":{"start":{"line":30,"column":9},"end":{"line":30,"column":28}},"loc":{"start":{"line":30,"column":44},"end":{"line":32,"column":1}},"line":30},"1":{"name":"increasePlayerLines","decl":{"start":{"line":34,"column":9},"end":{"line":34,"column":28}},"loc":{"start":{"line":34,"column":48},"end":{"line":36,"column":1}},"line":34},"2":{"name":"updatePlayerLevel","decl":{"start":{"line":38,"column":9},"end":{"line":38,"column":26}},"loc":{"start":{"line":38,"column":45},"end":{"line":48,"column":1}},"line":38},"3":{"name":"updatePlayerGameboard","decl":{"start":{"line":50,"column":9},"end":{"line":50,"column":30}},"loc":{"start":{"line":50,"column":50},"end":{"line":52,"column":1}},"line":50},"4":{"name":"updatePlayerPosition","decl":{"start":{"line":54,"column":9},"end":{"line":54,"column":29}},"loc":{"start":{"line":54,"column":44},"end":{"line":56,"column":1}},"line":54},"5":{"name":"updatePlayersIndestructibleLines","decl":{"start":{"line":58,"column":9},"end":{"line":58,"column":41}},"loc":{"start":{"line":58,"column":72},"end":{"line":66,"column":1}},"line":58},"6":{"name":"(anonymous_6)","decl":{"start":{"line":60,"column":20},"end":{"line":60,"column":21}},"loc":{"start":{"line":60,"column":32},"end":{"line":64,"column":5}},"line":60},"7":{"name":"resetPlayerIndestructibleLines","decl":{"start":{"line":68,"column":9},"end":{"line":68,"column":39}},"loc":{"start":{"line":68,"column":48},"end":{"line":70,"column":1}},"line":68},"8":{"name":"initializePlayer","decl":{"start":{"line":72,"column":9},"end":{"line":72,"column":25}},"loc":{"start":{"line":72,"column":36},"end":{"line":96,"column":1}},"line":72},"9":{"name":"initializeSpectator","decl":{"start":{"line":98,"column":9},"end":{"line":98,"column":28}},"loc":{"start":{"line":98,"column":39},"end":{"line":104,"column":1}},"line":98}},"branchMap":{"0":{"loc":{"start":{"line":34,"column":37},"end":{"line":34,"column":46}},"type":"default-arg","locations":[{"start":{"line":34,"column":45},"end":{"line":34,"column":46}}],"line":34},"1":{"loc":{"start":{"line":40,"column":4},"end":{"line":46,"column":17}},"type":"if","locations":[{"start":{"line":40,"column":4},"end":{"line":46,"column":17}},{"start":{"line":40,"column":4},"end":{"line":46,"column":17}}],"line":40},"2":{"loc":{"start":{"line":43,"column":6},"end":{"line":45,"column":7}},"type":"if","locations":[{"start":{"line":43,"column":6},"end":{"line":45,"column":7}},{"start":{"line":43,"column":6},"end":{"line":45,"column":7}}],"line":43},"3":{"loc":{"start":{"line":58,"column":61},"end":{"line":58,"column":70}},"type":"default-arg","locations":[{"start":{"line":58,"column":69},"end":{"line":58,"column":70}}],"line":58},"4":{"loc":{"start":{"line":59,"column":2},"end":{"line":65,"column":3}},"type":"if","locations":[{"start":{"line":59,"column":2},"end":{"line":65,"column":3}},{"start":{"line":59,"column":2},"end":{"line":65,"column":3}}],"line":59},"5":{"loc":{"start":{"line":61,"column":6},"end":{"line":63,"column":7}},"type":"if","locations":[{"start":{"line":61,"column":6},"end":{"line":63,"column":7}},{"start":{"line":61,"column":6},"end":{"line":63,"column":7}}],"line":61}},"s":{"0":1,"1":1,"2":1,"3":2,"4":1,"5":6,"6":5,"7":5,"8":5,"9":1,"10":1,"11":1,"12":1,"13":1,"14":3,"15":2,"16":1,"17":1,"18":1,"19":1},"f":{"0":1,"1":2,"2":1,"3":1,"4":1,"5":1,"6":3,"7":1,"8":1,"9":1},"b":{"0":[1],"1":[5,1],"2":[5,0],"3":[0],"4":[1,0],"5":[2,1]},"_coverageSchema":"1a1c01bbd47fc00a2c39e90264f33305004495a9","hash":"2000b6fac8362ecf4ca7996e20bfff7e42007286"}
,"/Users/somedo/Desktop/red-tetris-main/src/server/utils/Room.utils.js": {"path":"/Users/somedo/Desktop/red-tetris-main/src/server/utils/Room.utils.js","statementMap":{"0":{"start":{"line":1,"column":15},"end":{"line":1,"column":49}},"1":{"start":{"line":4,"column":2},"end":{"line":4,"column":44}},"2":{"start":{"line":4,"column":27},"end":{"line":4,"column":42}},"3":{"start":{"line":8,"column":16},"end":{"line":8,"column":55}},"4":{"start":{"line":8,"column":39},"end":{"line":8,"column":54}},"5":{"start":{"line":9,"column":15},"end":{"line":9,"column":30}},"6":{"start":{"line":10,"column":2},"end":{"line":13,"column":3}},"7":{"start":{"line":11,"column":4},"end":{"line":11,"column":28}},"8":{"start":{"line":12,"column":4},"end":{"line":12,"column":27}},"9":{"start":{"line":17,"column":15},"end":{"line":17,"column":30}},"10":{"start":{"line":18,"column":2},"end":{"line":18,"column":65}},"11":{"start":{"line":18,"column":35},"end":{"line":18,"column":63}},"12":{"start":{"line":22,"column":15},"end":{"line":22,"column":30}},"13":{"start":{"line":23,"column":16},"end":{"line":23,"column":75}},"14":{"start":{"line":23,"column":46},"end":{"line":23,"column":74}},"15":{"start":{"line":24,"column":2},"end":{"line":24,"column":33}},"16":{"start":{"line":28,"column":15},"end":{"line":28,"column":30}},"17":{"start":{"line":29,"column":17},"end":{"line":31,"column":13}},"18":{"start":{"line":30,"column":11},"end":{"line":30,"column":37}},"19":{"start":{"line":32,"column":20},"end":{"line":34,"column":13}},"20":{"start":{"line":33,"column":11},"end":{"line":33,"column":37}},"21":{"start":{"line":35,"column":2},"end":{"line":39,"column":3}},"22":{"start":{"line":36,"column":4},"end":{"line":36,"column":18}},"23":{"start":{"line":37,"column":9},"end":{"line":39,"column":3}},"24":{"start":{"line":38,"column":4},"end":{"line":38,"column":21}},"25":{"start":{"line":43,"column":26},"end":{"line":43,"column":63}},"26":{"start":{"line":45,"column":19},"end":{"line":45,"column":21}},"27":{"start":{"line":46,"column":2},"end":{"line":50,"column":5}},"28":{"start":{"line":47,"column":19},"end":{"line":47,"column":31}},"29":{"start":{"line":48,"column":4},"end":{"line":48,"column":66}},"30":{"start":{"line":49,"column":4},"end":{"line":49,"column":28}},"31":{"start":{"line":52,"column":2},"end":{"line":52,"column":23}},"32":{"start":{"line":53,"column":2},"end":{"line":53,"column":28}},"33":{"start":{"line":54,"column":2},"end":{"line":54,"column":23}},"34":{"start":{"line":55,"column":2},"end":{"line":55,"column":27}},"35":{"start":{"line":56,"column":2},"end":{"line":56,"column":21}},"36":{"start":{"line":60,"column":2},"end":{"line":62,"column":3}},"37":{"start":{"line":61,"column":4},"end":{"line":61,"column":16}},"38":{"start":{"line":64,"column":31},"end":{"line":64,"column":35}},"39":{"start":{"line":65,"column":2},"end":{"line":68,"column":4}},"40":{"start":{"line":72,"column":15},"end":{"line":72,"column":30}},"41":{"start":{"line":73,"column":2},"end":{"line":73,"column":68}},"42":{"start":{"line":73,"column":38},"end":{"line":73,"column":66}},"43":{"start":{"line":77,"column":2},"end":{"line":77,"column":32}},"44":{"start":{"line":78,"column":2},"end":{"line":78,"column":27}},"45":{"start":{"line":82,"column":2},"end":{"line":85,"column":3}},"46":{"start":{"line":83,"column":4},"end":{"line":83,"column":38}},"47":{"start":{"line":84,"column":4},"end":{"line":84,"column":30}},"48":{"start":{"line":88,"column":0},"end":{"line":99,"column":2}}},"fnMap":{"0":{"name":"getRoom","decl":{"start":{"line":3,"column":9},"end":{"line":3,"column":16}},"loc":{"start":{"line":3,"column":25},"end":{"line":5,"column":1}},"line":3},"1":{"name":"(anonymous_1)","decl":{"start":{"line":4,"column":20},"end":{"line":4,"column":21}},"loc":{"start":{"line":4,"column":27},"end":{"line":4,"column":42}},"line":4},"2":{"name":"deleteRoom","decl":{"start":{"line":7,"column":9},"end":{"line":7,"column":19}},"loc":{"start":{"line":7,"column":28},"end":{"line":14,"column":1}},"line":7},"3":{"name":"(anonymous_3)","decl":{"start":{"line":8,"column":32},"end":{"line":8,"column":33}},"loc":{"start":{"line":8,"column":39},"end":{"line":8,"column":54}},"line":8},"4":{"name":"getPlayer","decl":{"start":{"line":16,"column":9},"end":{"line":16,"column":18}},"loc":{"start":{"line":16,"column":37},"end":{"line":19,"column":1}},"line":16},"5":{"name":"(anonymous_5)","decl":{"start":{"line":18,"column":28},"end":{"line":18,"column":29}},"loc":{"start":{"line":18,"column":35},"end":{"line":18,"column":63}},"line":18},"6":{"name":"deletePlayer","decl":{"start":{"line":21,"column":9},"end":{"line":21,"column":21}},"loc":{"start":{"line":21,"column":40},"end":{"line":25,"column":1}},"line":21},"7":{"name":"(anonymous_7)","decl":{"start":{"line":23,"column":39},"end":{"line":23,"column":40}},"loc":{"start":{"line":23,"column":46},"end":{"line":23,"column":74}},"line":23},"8":{"name":"getNewOwner","decl":{"start":{"line":27,"column":9},"end":{"line":27,"column":20}},"loc":{"start":{"line":27,"column":36},"end":{"line":40,"column":1}},"line":27},"9":{"name":"(anonymous_9)","decl":{"start":{"line":30,"column":4},"end":{"line":30,"column":5}},"loc":{"start":{"line":30,"column":11},"end":{"line":30,"column":37}},"line":30},"10":{"name":"(anonymous_10)","decl":{"start":{"line":33,"column":4},"end":{"line":33,"column":5}},"loc":{"start":{"line":33,"column":11},"end":{"line":33,"column":37}},"line":33},"11":{"name":"resetRoom","decl":{"start":{"line":42,"column":9},"end":{"line":42,"column":18}},"loc":{"start":{"line":42,"column":25},"end":{"line":57,"column":1}},"line":42},"12":{"name":"(anonymous_12)","decl":{"start":{"line":46,"column":26},"end":{"line":46,"column":27}},"loc":{"start":{"line":46,"column":36},"end":{"line":50,"column":3}},"line":46},"13":{"name":"getRoomContext","decl":{"start":{"line":59,"column":9},"end":{"line":59,"column":23}},"loc":{"start":{"line":59,"column":30},"end":{"line":69,"column":1}},"line":59},"14":{"name":"getSpectator","decl":{"start":{"line":71,"column":9},"end":{"line":71,"column":21}},"loc":{"start":{"line":71,"column":40},"end":{"line":74,"column":1}},"line":71},"15":{"name":"(anonymous_15)","decl":{"start":{"line":73,"column":31},"end":{"line":73,"column":32}},"loc":{"start":{"line":73,"column":38},"end":{"line":73,"column":66}},"line":73},"16":{"name":"setRoomWinner","decl":{"start":{"line":76,"column":15},"end":{"line":76,"column":28}},"loc":{"start":{"line":76,"column":43},"end":{"line":79,"column":1}},"line":76},"17":{"name":"clearRoomInterval","decl":{"start":{"line":81,"column":9},"end":{"line":81,"column":26}},"loc":{"start":{"line":81,"column":33},"end":{"line":86,"column":1}},"line":81}},"branchMap":{"0":{"loc":{"start":{"line":10,"column":2},"end":{"line":13,"column":3}},"type":"if","locations":[{"start":{"line":10,"column":2},"end":{"line":13,"column":3}},{"start":{"line":10,"column":2},"end":{"line":13,"column":3}}],"line":10},"1":{"loc":{"start":{"line":10,"column":6},"end":{"line":10,"column":24}},"type":"binary-expr","locations":[{"start":{"line":10,"column":6},"end":{"line":10,"column":16}},{"start":{"line":10,"column":20},"end":{"line":10,"column":24}}],"line":10},"2":{"loc":{"start":{"line":35,"column":2},"end":{"line":39,"column":3}},"type":"if","locations":[{"start":{"line":35,"column":2},"end":{"line":39,"column":3}},{"start":{"line":35,"column":2},"end":{"line":39,"column":3}}],"line":35},"3":{"loc":{"start":{"line":37,"column":9},"end":{"line":39,"column":3}},"type":"if","locations":[{"start":{"line":37,"column":9},"end":{"line":39,"column":3}},{"start":{"line":37,"column":9},"end":{"line":39,"column":3}}],"line":37},"4":{"loc":{"start":{"line":60,"column":2},"end":{"line":62,"column":3}},"type":"if","locations":[{"start":{"line":60,"column":2},"end":{"line":62,"column":3}},{"start":{"line":60,"column":2},"end":{"line":62,"column":3}}],"line":60},"5":{"loc":{"start":{"line":60,"column":6},"end":{"line":60,"column":45}},"type":"binary-expr","locations":[{"start":{"line":60,"column":6},"end":{"line":60,"column":11}},{"start":{"line":60,"column":15},"end":{"line":60,"column":27}},{"start":{"line":60,"column":31},"end":{"line":60,"column":45}}],"line":60},"6":{"loc":{"start":{"line":67,"column":12},"end":{"line":67,"column":73}},"type":"binary-expr","locations":[{"start":{"line":67,"column":12},"end":{"line":67,"column":39}},{"start":{"line":67,"column":43},"end":{"line":67,"column":73}}],"line":67},"7":{"loc":{"start":{"line":82,"column":2},"end":{"line":85,"column":3}},"type":"if","locations":[{"start":{"line":82,"column":2},"end":{"line":85,"column":3}},{"start":{"line":82,"column":2},"end":{"line":85,"column":3}}],"line":82}},"s":{"0":1,"1":11,"2":19,"3":1,"4":3,"5":1,"6":1,"7":1,"8":1,"9":4,"10":4,"11":4,"12":1,"13":1,"14":1,"15":1,"16":2,"17":2,"18":3,"19":2,"20":1,"21":2,"22":1,"23":1,"24":1,"25":0,"26":0,"27":0,"28":0,"29":0,"30":0,"31":0,"32":0,"33":0,"34":0,"35":0,"36":2,"37":1,"38":1,"39":1,"40":1,"41":1,"42":0,"43":1,"44":1,"45":2,"46":1,"47":1,"48":1},"f":{"0":11,"1":19,"2":1,"3":3,"4":4,"5":4,"6":1,"7":1,"8":2,"9":3,"10":1,"11":0,"12":0,"13":2,"14":1,"15":0,"16":1,"17":2},"b":{"0":[1,0],"1":[1,1],"2":[1,1],"3":[1,0],"4":[1,1],"5":[2,2,1],"6":[1,0],"7":[1,1]},"_coverageSchema":"1a1c01bbd47fc00a2c39e90264f33305004495a9","hash":"a31808b7034bd0b59c463f646fd0bc3bee23d9c6"}
,"/Users/somedo/Desktop/red-tetris-main/src/server/utils/Tetriminos.utils.js": {"path":"/Users/somedo/Desktop/red-tetris-main/src/server/utils/Tetriminos.utils.js","statementMap":{"0":{"start":{"line":1,"column":44},"end":{"line":1,"column":67}},"1":{"start":{"line":3,"column":19},"end":{"line":39,"column":1}},"2":{"start":{"line":42,"column":23},"end":{"line":42,"column":32}},"3":{"start":{"line":44,"column":2},"end":{"line":47,"column":3}},"4":{"start":{"line":45,"column":30},"end":{"line":45,"column":91}},"5":{"start":{"line":46,"column":4},"end":{"line":46,"column":40}},"6":{"start":{"line":49,"column":25},"end":{"line":49,"column":27}},"7":{"start":{"line":50,"column":2},"end":{"line":53,"column":3}},"8":{"start":{"line":50,"column":15},"end":{"line":50,"column":16}},"9":{"start":{"line":51,"column":30},"end":{"line":51,"column":91}},"10":{"start":{"line":52,"column":4},"end":{"line":52,"column":56}},"11":{"start":{"line":55,"column":2},"end":{"line":55,"column":25}},"12":{"start":{"line":59,"column":27},"end":{"line":60,"column":39}},"13":{"start":{"line":60,"column":4},"end":{"line":60,"column":38}},"14":{"start":{"line":60,"column":27},"end":{"line":60,"column":37}},"15":{"start":{"line":64,"column":2},"end":{"line":64,"column":35}},"16":{"start":{"line":68,"column":19},"end":{"line":68,"column":34}},"17":{"start":{"line":69,"column":20},"end":{"line":69,"column":36}},"18":{"start":{"line":71,"column":2},"end":{"line":73,"column":3}},"19":{"start":{"line":72,"column":4},"end":{"line":72,"column":10}},"20":{"start":{"line":75,"column":21},"end":{"line":75,"column":85}},"21":{"start":{"line":75,"column":63},"end":{"line":75,"column":84}},"22":{"start":{"line":76,"column":21},"end":{"line":76,"column":66}},"23":{"start":{"line":78,"column":21},"end":{"line":78,"column":101}},"24":{"start":{"line":80,"column":2},"end":{"line":139,"column":3}},"25":{"start":{"line":81,"column":22},"end":{"line":81,"column":109}},"26":{"start":{"line":84,"column":4},"end":{"line":92,"column":6}},"27":{"start":{"line":85,"column":6},"end":{"line":91,"column":8}},"28":{"start":{"line":86,"column":30},"end":{"line":86,"column":67}},"29":{"start":{"line":87,"column":27},"end":{"line":87,"column":99}},"30":{"start":{"line":88,"column":8},"end":{"line":90,"column":9}},"31":{"start":{"line":89,"column":10},"end":{"line":89,"column":47}},"32":{"start":{"line":95,"column":4},"end":{"line":103,"column":6}},"33":{"start":{"line":96,"column":6},"end":{"line":102,"column":8}},"34":{"start":{"line":97,"column":24},"end":{"line":97,"column":50}},"35":{"start":{"line":98,"column":24},"end":{"line":98,"column":48}},"36":{"start":{"line":99,"column":8},"end":{"line":101,"column":9}},"37":{"start":{"line":100,"column":10},"end":{"line":100,"column":61}},"38":{"start":{"line":106,"column":4},"end":{"line":117,"column":6}},"39":{"start":{"line":107,"column":6},"end":{"line":116,"column":8}},"40":{"start":{"line":108,"column":24},"end":{"line":108,"column":46}},"41":{"start":{"line":109,"column":24},"end":{"line":109,"column":45}},"42":{"start":{"line":111,"column":30},"end":{"line":111,"column":64}},"43":{"start":{"line":112,"column":24},"end":{"line":112,"column":93}},"44":{"start":{"line":113,"column":8},"end":{"line":115,"column":9}},"45":{"start":{"line":114,"column":10},"end":{"line":114,"column":44}},"46":{"start":{"line":120,"column":4},"end":{"line":128,"column":6}},"47":{"start":{"line":121,"column":6},"end":{"line":127,"column":8}},"48":{"start":{"line":122,"column":24},"end":{"line":122,"column":50}},"49":{"start":{"line":123,"column":24},"end":{"line":123,"column":49}},"50":{"start":{"line":124,"column":8},"end":{"line":126,"column":9}},"51":{"start":{"line":125,"column":10},"end":{"line":125,"column":47}},"52":{"start":{"line":131,"column":4},"end":{"line":131,"column":63}},"53":{"start":{"line":134,"column":4},"end":{"line":134,"column":70}},"54":{"start":{"line":136,"column":4},"end":{"line":136,"column":16}},"55":{"start":{"line":138,"column":4},"end":{"line":138,"column":15}},"56":{"start":{"line":143,"column":18},"end":{"line":143,"column":19}},"57":{"start":{"line":144,"column":2},"end":{"line":146,"column":3}},"58":{"start":{"line":145,"column":4},"end":{"line":145,"column":15}},"59":{"start":{"line":147,"column":2},"end":{"line":147,"column":18}},"60":{"start":{"line":151,"column":2},"end":{"line":165,"column":3}},"61":{"start":{"line":151,"column":15},"end":{"line":151,"column":16}},"62":{"start":{"line":152,"column":4},"end":{"line":164,"column":5}},"63":{"start":{"line":152,"column":17},"end":{"line":152,"column":18}},"64":{"start":{"line":153,"column":6},"end":{"line":163,"column":7}},"65":{"start":{"line":154,"column":24},"end":{"line":154,"column":37}},"66":{"start":{"line":155,"column":24},"end":{"line":155,"column":37}},"67":{"start":{"line":156,"column":30},"end":{"line":156,"column":61}},"68":{"start":{"line":157,"column":8},"end":{"line":162,"column":9}},"69":{"start":{"line":161,"column":10},"end":{"line":161,"column":21}},"70":{"start":{"line":166,"column":2},"end":{"line":166,"column":14}},"71":{"start":{"line":170,"column":2},"end":{"line":170,"column":41}},"72":{"start":{"line":172,"column":2},"end":{"line":178,"column":3}},"73":{"start":{"line":173,"column":26},"end":{"line":176,"column":5}},"74":{"start":{"line":177,"column":4},"end":{"line":177,"column":41}},"75":{"start":{"line":180,"column":2},"end":{"line":180,"column":73}},"76":{"start":{"line":181,"column":2},"end":{"line":181,"column":81}},"77":{"start":{"line":185,"column":23},"end":{"line":185,"column":24}},"78":{"start":{"line":186,"column":22},"end":{"line":186,"column":24}},"79":{"start":{"line":188,"column":27},"end":{"line":201,"column":8}},"80":{"start":{"line":189,"column":23},"end":{"line":189,"column":72}},"81":{"start":{"line":189,"column":40},"end":{"line":189,"column":50}},"82":{"start":{"line":190,"column":33},"end":{"line":190,"column":69}},"83":{"start":{"line":190,"column":50},"end":{"line":190,"column":68}},"84":{"start":{"line":191,"column":4},"end":{"line":197,"column":5}},"85":{"start":{"line":192,"column":6},"end":{"line":192,"column":22}},"86":{"start":{"line":194,"column":24},"end":{"line":194,"column":45}},"87":{"start":{"line":195,"column":6},"end":{"line":195,"column":36}},"88":{"start":{"line":196,"column":6},"end":{"line":196,"column":24}},"89":{"start":{"line":199,"column":4},"end":{"line":199,"column":25}},"90":{"start":{"line":200,"column":4},"end":{"line":200,"column":22}},"91":{"start":{"line":207,"column":2},"end":{"line":213,"column":3}},"92":{"start":{"line":208,"column":4},"end":{"line":212,"column":5}},"93":{"start":{"line":215,"column":27},"end":{"line":215,"column":108}},"94":{"start":{"line":217,"column":2},"end":{"line":217,"column":45}},"95":{"start":{"line":218,"column":2},"end":{"line":218,"column":48}},"96":{"start":{"line":219,"column":2},"end":{"line":219,"column":62}},"97":{"start":{"line":220,"column":2},"end":{"line":220,"column":49}},"98":{"start":{"line":221,"column":2},"end":{"line":221,"column":52}},"99":{"start":{"line":224,"column":0},"end":{"line":233,"column":1}}},"fnMap":{"0":{"name":"getRandomTetrimino","decl":{"start":{"line":41,"column":9},"end":{"line":41,"column":27}},"loc":{"start":{"line":41,"column":36},"end":{"line":56,"column":1}},"line":41},"1":{"name":"rotateTetrimino","decl":{"start":{"line":58,"column":9},"end":{"line":58,"column":24}},"loc":{"start":{"line":58,"column":36},"end":{"line":65,"column":1}},"line":58},"2":{"name":"(anonymous_2)","decl":{"start":{"line":59,"column":41},"end":{"line":59,"column":42}},"loc":{"start":{"line":60,"column":4},"end":{"line":60,"column":38}},"line":60},"3":{"name":"(anonymous_3)","decl":{"start":{"line":60,"column":18},"end":{"line":60,"column":19}},"loc":{"start":{"line":60,"column":27},"end":{"line":60,"column":37}},"line":60},"4":{"name":"placeTetrimino","decl":{"start":{"line":67,"column":9},"end":{"line":67,"column":23}},"loc":{"start":{"line":67,"column":38},"end":{"line":140,"column":1}},"line":67},"5":{"name":"(anonymous_5)","decl":{"start":{"line":75,"column":57},"end":{"line":75,"column":58}},"loc":{"start":{"line":75,"column":63},"end":{"line":75,"column":84}},"line":75},"6":{"name":"(anonymous_6)","decl":{"start":{"line":84,"column":25},"end":{"line":84,"column":26}},"loc":{"start":{"line":84,"column":44},"end":{"line":92,"column":5}},"line":84},"7":{"name":"(anonymous_7)","decl":{"start":{"line":85,"column":18},"end":{"line":85,"column":19}},"loc":{"start":{"line":85,"column":39},"end":{"line":91,"column":7}},"line":85},"8":{"name":"(anonymous_8)","decl":{"start":{"line":95,"column":22},"end":{"line":95,"column":23}},"loc":{"start":{"line":95,"column":41},"end":{"line":103,"column":5}},"line":95},"9":{"name":"(anonymous_9)","decl":{"start":{"line":96,"column":18},"end":{"line":96,"column":19}},"loc":{"start":{"line":96,"column":39},"end":{"line":102,"column":7}},"line":96},"10":{"name":"(anonymous_10)","decl":{"start":{"line":106,"column":22},"end":{"line":106,"column":23}},"loc":{"start":{"line":106,"column":41},"end":{"line":117,"column":5}},"line":106},"11":{"name":"(anonymous_11)","decl":{"start":{"line":107,"column":18},"end":{"line":107,"column":19}},"loc":{"start":{"line":107,"column":40},"end":{"line":116,"column":7}},"line":107},"12":{"name":"(anonymous_12)","decl":{"start":{"line":120,"column":22},"end":{"line":120,"column":23}},"loc":{"start":{"line":120,"column":41},"end":{"line":128,"column":5}},"line":120},"13":{"name":"(anonymous_13)","decl":{"start":{"line":121,"column":18},"end":{"line":121,"column":19}},"loc":{"start":{"line":121,"column":39},"end":{"line":127,"column":7}},"line":121},"14":{"name":"findPostionToPrevisualizeTetrimino","decl":{"start":{"line":142,"column":9},"end":{"line":142,"column":43}},"loc":{"start":{"line":142,"column":75},"end":{"line":148,"column":1}},"line":142},"15":{"name":"checkTetriminoCollision","decl":{"start":{"line":150,"column":9},"end":{"line":150,"column":32}},"loc":{"start":{"line":150,"column":77},"end":{"line":167,"column":1}},"line":150},"16":{"name":"spawnNewTetrimino","decl":{"start":{"line":169,"column":9},"end":{"line":169,"column":26}},"loc":{"start":{"line":169,"column":32},"end":{"line":182,"column":1}},"line":169},"17":{"name":"clearFullLines","decl":{"start":{"line":184,"column":9},"end":{"line":184,"column":23}},"loc":{"start":{"line":184,"column":29},"end":{"line":222,"column":1}},"line":184},"18":{"name":"(anonymous_18)","decl":{"start":{"line":188,"column":55},"end":{"line":188,"column":56}},"loc":{"start":{"line":188,"column":77},"end":{"line":201,"column":3}},"line":188},"19":{"name":"(anonymous_19)","decl":{"start":{"line":189,"column":32},"end":{"line":189,"column":33}},"loc":{"start":{"line":189,"column":40},"end":{"line":189,"column":50}},"line":189},"20":{"name":"(anonymous_20)","decl":{"start":{"line":190,"column":42},"end":{"line":190,"column":43}},"loc":{"start":{"line":190,"column":50},"end":{"line":190,"column":68}},"line":190}},"branchMap":{"0":{"loc":{"start":{"line":44,"column":2},"end":{"line":47,"column":3}},"type":"if","locations":[{"start":{"line":44,"column":2},"end":{"line":47,"column":3}},{"start":{"line":44,"column":2},"end":{"line":47,"column":3}}],"line":44},"1":{"loc":{"start":{"line":71,"column":2},"end":{"line":73,"column":3}},"type":"if","locations":[{"start":{"line":71,"column":2},"end":{"line":73,"column":3}},{"start":{"line":71,"column":2},"end":{"line":73,"column":3}}],"line":71},"2":{"loc":{"start":{"line":71,"column":6},"end":{"line":71,"column":29}},"type":"binary-expr","locations":[{"start":{"line":71,"column":6},"end":{"line":71,"column":16}},{"start":{"line":71,"column":20},"end":{"line":71,"column":29}}],"line":71},"3":{"loc":{"start":{"line":80,"column":2},"end":{"line":139,"column":3}},"type":"if","locations":[{"start":{"line":80,"column":2},"end":{"line":139,"column":3}},{"start":{"line":80,"column":2},"end":{"line":139,"column":3}}],"line":80},"4":{"loc":{"start":{"line":87,"column":27},"end":{"line":87,"column":99}},"type":"binary-expr","locations":[{"start":{"line":87,"column":27},"end":{"line":87,"column":60}},{"start":{"line":87,"column":64},"end":{"line":87,"column":99}}],"line":87},"5":{"loc":{"start":{"line":88,"column":8},"end":{"line":90,"column":9}},"type":"if","locations":[{"start":{"line":88,"column":8},"end":{"line":90,"column":9}},{"start":{"line":88,"column":8},"end":{"line":90,"column":9}}],"line":88},"6":{"loc":{"start":{"line":88,"column":12},"end":{"line":88,"column":39}},"type":"binary-expr","locations":[{"start":{"line":88,"column":12},"end":{"line":88,"column":25}},{"start":{"line":88,"column":29},"end":{"line":88,"column":39}}],"line":88},"7":{"loc":{"start":{"line":99,"column":8},"end":{"line":101,"column":9}},"type":"if","locations":[{"start":{"line":99,"column":8},"end":{"line":101,"column":9}},{"start":{"line":99,"column":8},"end":{"line":101,"column":9}}],"line":99},"8":{"loc":{"start":{"line":112,"column":24},"end":{"line":112,"column":93}},"type":"binary-expr","locations":[{"start":{"line":112,"column":24},"end":{"line":112,"column":57}},{"start":{"line":112,"column":61},"end":{"line":112,"column":93}}],"line":112},"9":{"loc":{"start":{"line":113,"column":8},"end":{"line":115,"column":9}},"type":"if","locations":[{"start":{"line":113,"column":8},"end":{"line":115,"column":9}},{"start":{"line":113,"column":8},"end":{"line":115,"column":9}}],"line":113},"10":{"loc":{"start":{"line":113,"column":12},"end":{"line":113,"column":37}},"type":"binary-expr","locations":[{"start":{"line":113,"column":12},"end":{"line":113,"column":25}},{"start":{"line":113,"column":29},"end":{"line":113,"column":37}}],"line":113},"11":{"loc":{"start":{"line":124,"column":8},"end":{"line":126,"column":9}},"type":"if","locations":[{"start":{"line":124,"column":8},"end":{"line":126,"column":9}},{"start":{"line":124,"column":8},"end":{"line":126,"column":9}}],"line":124},"12":{"loc":{"start":{"line":153,"column":6},"end":{"line":163,"column":7}},"type":"if","locations":[{"start":{"line":153,"column":6},"end":{"line":163,"column":7}},{"start":{"line":153,"column":6},"end":{"line":163,"column":7}}],"line":153},"13":{"loc":{"start":{"line":157,"column":8},"end":{"line":162,"column":9}},"type":"if","locations":[{"start":{"line":157,"column":8},"end":{"line":162,"column":9}},{"start":{"line":157,"column":8},"end":{"line":162,"column":9}}],"line":157},"14":{"loc":{"start":{"line":158,"column":10},"end":{"line":159,"column":81}},"type":"binary-expr","locations":[{"start":{"line":158,"column":10},"end":{"line":158,"column":37}},{"start":{"line":159,"column":11},"end":{"line":159,"column":44}},{"start":{"line":159,"column":48},"end":{"line":159,"column":80}}],"line":158},"15":{"loc":{"start":{"line":172,"column":2},"end":{"line":178,"column":3}},"type":"if","locations":[{"start":{"line":172,"column":2},"end":{"line":178,"column":3}},{"start":{"line":172,"column":2},"end":{"line":178,"column":3}}],"line":172},"16":{"loc":{"start":{"line":189,"column":23},"end":{"line":189,"column":72}},"type":"cond-expr","locations":[{"start":{"line":189,"column":60},"end":{"line":189,"column":64}},{"start":{"line":189,"column":67},"end":{"line":189,"column":72}}],"line":189},"17":{"loc":{"start":{"line":191,"column":4},"end":{"line":197,"column":5}},"type":"if","locations":[{"start":{"line":191,"column":4},"end":{"line":197,"column":5}},{"start":{"line":191,"column":4},"end":{"line":197,"column":5}}],"line":191},"18":{"loc":{"start":{"line":191,"column":8},"end":{"line":191,"column":43}},"type":"binary-expr","locations":[{"start":{"line":191,"column":8},"end":{"line":191,"column":18}},{"start":{"line":191,"column":22},"end":{"line":191,"column":43}}],"line":191},"19":{"loc":{"start":{"line":207,"column":2},"end":{"line":213,"column":3}},"type":"if","locations":[{"start":{"line":207,"column":2},"end":{"line":213,"column":3}},{"start":{"line":207,"column":2},"end":{"line":213,"column":3}}],"line":207},"20":{"loc":{"start":{"line":207,"column":6},"end":{"line":207,"column":55}},"type":"binary-expr","locations":[{"start":{"line":207,"column":6},"end":{"line":207,"column":24}},{"start":{"line":207,"column":28},"end":{"line":207,"column":55}}],"line":207}},"s":{"0":2,"1":2,"2":4,"3":4,"4":1,"5":1,"6":3,"7":3,"8":3,"9":1002,"10":1002,"11":3,"12":1,"13":3,"14":9,"15":1,"16":5,"17":5,"18":5,"19":1,"20":4,"21":12,"22":4,"23":4,"24":4,"25":2,"26":2,"27":46,"28":460,"29":460,"30":460,"31":0,"32":2,"33":6,"34":18,"35":18,"36":18,"37":8,"38":2,"39":6,"40":18,"41":18,"42":18,"43":18,"44":18,"45":0,"46":2,"47":6,"48":18,"49":18,"50":18,"51":8,"52":2,"53":2,"54":2,"55":2,"56":5,"57":5,"58":77,"59":5,"60":88,"61":88,"62":262,"63":262,"64":777,"65":343,"66":343,"67":343,"68":343,"69":7,"70":81,"71":2,"72":2,"73":2,"74":2,"75":2,"76":2,"77":2,"78":2,"79":2,"80":40,"81":40,"82":40,"83":400,"84":40,"85":0,"86":0,"87":0,"88":0,"89":40,"90":40,"91":2,"92":0,"93":2,"94":2,"95":2,"96":2,"97":2,"98":2,"99":2},"f":{"0":4,"1":1,"2":3,"3":9,"4":5,"5":12,"6":46,"7":460,"8":6,"9":18,"10":6,"11":18,"12":6,"13":18,"14":5,"15":88,"16":2,"17":2,"18":40,"19":40,"20":400},"b":{"0":[1,3],"1":[1,4],"2":[5,4],"3":[2,2],"4":[460,0],"5":[0,460],"6":[460,0],"7":[8,10],"8":[18,0],"9":[0,18],"10":[18,0],"11":[8,10],"12":[343,434],"13":[7,336],"14":[343,336,0],"15":[2,0],"16":[0,40],"17":[0,40],"18":[40,0],"19":[0,2],"20":[2,0]},"_coverageSchema":"1a1c01bbd47fc00a2c39e90264f33305004495a9","hash":"b9e5cec1f871407ebdab53a88eeca6b1f2133cc6"}
}
