TN:
SF:src/server/models/Game.models.js
FN:4,(anonymous_0)
FN:15,(anonymous_1)
FN:26,(anonymous_2)
FN:30,(anonymous_3)
FN:31,(anonymous_4)
FN:34,(anonymous_5)
FN:35,(anonymous_6)
FN:42,(anonymous_7)
FN:46,(anonymous_8)
FN:49,(anonymous_9)
FN:61,(anonymous_10)
FN:65,(anonymous_11)
FN:69,(anonymous_12)
FN:74,(anonymous_13)
FN:78,(anonymous_14)
FN:82,(anonymous_15)
FN:84,(anonymous_16)
FN:92,(anonymous_17)
FNF:18
FNH:18
FNDA:21,(anonymous_0)
FNDA:21,(anonymous_1)
FNDA:1,(anonymous_2)
FNDA:1,(anonymous_3)
FNDA:1,(anonymous_4)
FNDA:1,(anonymous_5)
FNDA:2,(anonymous_6)
FNDA:1,(anonymous_7)
FNDA:2,(anonymous_8)
FNDA:6,(anonymous_9)
FNDA:1,(anonymous_10)
FNDA:2,(anonymous_11)
FNDA:1,(anonymous_12)
FNDA:5,(anonymous_13)
FNDA:3,(anonymous_14)
FNDA:1,(anonymous_15)
FNDA:1,(anonymous_16)
FNDA:1,(anonymous_17)
DA:1,3
DA:5,21
DA:6,21
DA:7,21
DA:8,21
DA:9,21
DA:10,21
DA:11,21
DA:12,21
DA:16,21
DA:17,21
DA:18,21
DA:19,21
DA:20,21
DA:21,21
DA:22,21
DA:23,21
DA:27,1
DA:31,1
DA:35,2
DA:36,1
DA:37,1
DA:38,1
DA:43,1
DA:47,2
DA:48,2
DA:49,2
DA:50,6
DA:51,6
DA:52,6
DA:54,2
DA:55,2
DA:56,2
DA:57,2
DA:58,2
DA:62,1
DA:66,2
DA:70,1
DA:71,1
DA:75,5
DA:79,3
DA:83,1
DA:84,1
DA:87,1
DA:88,1
DA:93,1
DA:97,3
LF:47
LH:47
BRDA:15,0,0,21
BRDA:18,1,0,21
BRDA:18,1,1,0
BRDA:36,2,0,1
BRDA:36,2,1,0
BRDA:87,3,0,1
BRDA:87,3,1,0
BRF:7
BRH:4
end_of_record
TN:
SF:src/server/models/Piece.models.js
FN:2,(anonymous_0)
FN:6,(anonymous_1)
FN:7,(anonymous_2)
FN:8,(anonymous_3)
FNF:4
FNH:4
FNDA:2,(anonymous_0)
FNDA:2,(anonymous_1)
FNDA:6,(anonymous_2)
FNDA:18,(anonymous_3)
DA:3,2
DA:7,2
DA:8,18
DA:10,2
DA:11,2
DA:15,1
LF:6
LH:6
BRF:0
BRH:0
end_of_record
TN:
SF:src/server/models/Player.models.js
FN:34,(anonymous_0)
FN:52,(anonymous_1)
FN:76,(anonymous_2)
FN:80,(anonymous_3)
FN:84,(anonymous_4)
FN:96,(anonymous_5)
FN:100,(anonymous_6)
FN:104,(anonymous_7)
FN:108,(anonymous_8)
FN:115,(anonymous_9)
FN:117,(anonymous_10)
FN:125,(anonymous_11)
FN:129,(anonymous_12)
FN:133,(anonymous_13)
FN:139,(anonymous_14)
FN:143,(anonymous_15)
FN:147,(anonymous_16)
FN:151,(anonymous_17)
FNF:18
FNH:18
FNDA:38,(anonymous_0)
FNDA:34,(anonymous_1)
FNDA:4,(anonymous_2)
FNDA:3,(anonymous_3)
FNDA:3,(anonymous_4)
FNDA:6,(anonymous_5)
FNDA:6,(anonymous_6)
FNDA:3,(anonymous_7)
FNDA:4,(anonymous_8)
FNDA:1,(anonymous_9)
FNDA:3,(anonymous_10)
FNDA:2,(anonymous_11)
FNDA:3,(anonymous_12)
FNDA:4,(anonymous_13)
FNDA:13,(anonymous_14)
FNDA:2,(anonymous_15)
FNDA:2,(anonymous_16)
FNDA:1,(anonymous_17)
DA:4,4
DA:6,4
DA:35,38
DA:36,38
DA:37,38
DA:38,38
DA:39,38
DA:40,38
DA:41,38
DA:42,38
DA:43,38
DA:44,38
DA:45,38
DA:46,38
DA:47,38
DA:48,38
DA:49,38
DA:53,34
DA:54,34
DA:55,34
DA:56,34
DA:57,34
DA:58,34
DA:59,34
DA:60,34
DA:61,34
DA:62,34
DA:66,34
DA:70,34
DA:71,34
DA:72,34
DA:73,34
DA:77,4
DA:81,3
DA:85,3
DA:86,12
DA:87,9
DA:89,9
DA:90,0
DA:92,3
DA:97,6
DA:101,6
DA:105,3
DA:109,4
DA:116,1
DA:117,1
DA:118,3
DA:119,2
DA:126,2
DA:130,3
DA:134,4
DA:135,4
DA:136,4
DA:140,13
DA:144,2
DA:148,2
DA:152,1
DA:156,4
LF:58
LH:57
BRDA:80,0,0,0
BRDA:86,1,0,9
BRDA:86,1,1,3
BRDA:89,2,0,0
BRDA:89,2,1,9
BRDA:115,3,0,0
BRDA:116,4,0,1
BRDA:116,4,1,0
BRDA:118,5,0,2
BRDA:118,5,1,1
BRF:10
BRH:6
end_of_record
TN:
SF:src/server/utils/Game.utils.js
FN:1,isValidGamemode
FN:6,getGameboardIndestructibleLines
FNF:2
FNH:2
FNDA:6,isValidGamemode
FNDA:3,getGameboardIndestructibleLines
DA:2,6
DA:3,6
DA:7,3
DA:8,3
DA:9,2
DA:11,3
DA:14,3
LF:7
LH:7
BRF:0
BRH:0
end_of_record
TN:
SF:src/server/utils/Global.utils.js
FN:3,createGameboard
FN:4,(anonymous_1)
FN:7,getRandomAvatarColor
FN:25,pushToHighscores
FN:29,(anonymous_4)
FN:30,(anonymous_5)
FN:38,(anonymous_6)
FN:42,sleep
FN:43,(anonymous_8)
FNF:9
FNH:8
FNDA:36,createGameboard
FNDA:720,(anonymous_1)
FNDA:41,getRandomAvatarColor
FNDA:3,pushToHighscores
FNDA:2,(anonymous_4)
FNDA:2,(anonymous_5)
FNDA:0,(anonymous_6)
FNDA:1,sleep
FNDA:1,(anonymous_8)
DA:1,6
DA:4,720
DA:8,41
DA:21,41
DA:26,3
DA:27,3
DA:29,3
DA:30,3
DA:32,3
DA:33,1
DA:34,2
DA:35,1
DA:38,3
DA:39,3
DA:43,1
DA:46,6
LF:16
LH:16
BRDA:32,0,0,1
BRDA:32,0,1,2
BRDA:32,1,0,3
BRDA:32,1,1,2
BRDA:34,2,0,1
BRDA:34,2,1,1
BRF:6
BRH:6
end_of_record
TN:
SF:src/server/utils/Move.utils.js
FN:11,isValidMove
FN:22,handleRotatePiece
FN:27,(anonymous_2)
FN:45,(anonymous_3)
FN:46,(anonymous_4)
FN:74,(anonymous_5)
FN:75,(anonymous_6)
FN:87,(anonymous_7)
FN:88,(anonymous_8)
FN:98,(anonymous_9)
FN:99,(anonymous_10)
FN:122,handleMoveDown
FN:137,(anonymous_12)
FN:138,(anonymous_13)
FN:152,(anonymous_14)
FN:155,(anonymous_15)
FN:172,(anonymous_16)
FN:186,handleMoveLeft
FN:190,handleMoveRight
FN:194,fixTetrimino
FN:199,(anonymous_20)
FN:216,(anonymous_21)
FN:217,(anonymous_22)
FN:230,handleTetriminoMove
FNF:24
FNH:22
FNDA:11,isValidMove
FNDA:2,handleRotatePiece
FNDA:6,(anonymous_2)
FNDA:6,(anonymous_3)
FNDA:18,(anonymous_4)
FNDA:46,(anonymous_5)
FNDA:460,(anonymous_6)
FNDA:6,(anonymous_7)
FNDA:18,(anonymous_8)
FNDA:6,(anonymous_9)
FNDA:18,(anonymous_10)
FNDA:2,handleMoveDown
FNDA:6,(anonymous_12)
FNDA:18,(anonymous_13)
FNDA:0,(anonymous_14)
FNDA:20,(anonymous_15)
FNDA:0,(anonymous_16)
FNDA:1,handleMoveLeft
FNDA:2,handleMoveRight
FNDA:1,fixTetrimino
FNDA:3,(anonymous_20)
FNDA:3,(anonymous_21)
FNDA:9,(anonymous_22)
FNDA:4,handleTetriminoMove
DA:7,1
DA:8,1
DA:9,1
DA:12,11
DA:19,11
DA:23,2
DA:24,2
DA:25,2
DA:27,2
DA:28,6
DA:30,2
DA:32,2
DA:38,2
DA:39,0
DA:42,2
DA:45,2
DA:46,6
DA:47,18
DA:48,18
DA:50,18
DA:55,18
DA:56,18
DA:58,18
DA:59,18
DA:60,18
DA:66,2
DA:74,2
DA:75,46
DA:76,460
DA:78,460
DA:80,460
DA:81,0
DA:87,2
DA:88,6
DA:89,18
DA:90,18
DA:91,18
DA:92,8
DA:98,2
DA:99,6
DA:100,18
DA:101,18
DA:103,18
DA:109,18
DA:111,18
DA:113,18
DA:114,18
DA:119,2
DA:123,2
DA:124,2
DA:125,0
DA:128,2
DA:129,2
DA:130,2
DA:131,2
DA:133,2
DA:134,0
DA:137,2
DA:138,6
DA:139,18
DA:140,18
DA:141,18
DA:142,8
DA:147,2
DA:148,2
DA:149,2
DA:151,2
DA:152,2
DA:155,2
DA:156,20
DA:157,20
DA:158,0
DA:159,0
DA:161,0
DA:162,0
DA:163,0
DA:168,2
DA:169,0
DA:172,2
DA:175,2
DA:177,0
DA:180,2
DA:182,0
DA:187,1
DA:191,2
DA:195,1
DA:196,1
DA:197,1
DA:199,1
DA:200,3
DA:202,1
DA:204,1
DA:211,1
DA:213,1
DA:216,1
DA:217,3
DA:218,9
DA:219,9
DA:220,9
DA:222,9
DA:223,9
DA:224,0
DA:231,4
DA:232,0
DA:235,4
DA:236,4
DA:239,4
DA:241,1
DA:242,1
DA:244,0
DA:245,0
DA:247,1
DA:248,1
DA:250,2
DA:251,2
DA:253,0
DA:254,0
DA:258,0
DA:262,1
LF:119
LH:100
BRDA:38,0,0,0
BRDA:38,0,1,2
BRDA:50,1,0,18
BRDA:50,1,1,18
BRDA:50,1,2,18
BRDA:50,1,3,18
BRDA:55,2,0,18
BRDA:55,2,1,0
BRDA:58,3,0,18
BRDA:58,3,1,0
BRDA:59,4,0,18
BRDA:59,4,1,0
BRDA:78,5,0,460
BRDA:78,5,1,0
BRDA:80,6,0,0
BRDA:80,6,1,460
BRDA:80,7,0,460
BRDA:80,7,1,0
BRDA:91,8,0,8
BRDA:91,8,1,10
BRDA:103,9,0,18
BRDA:103,9,1,0
BRDA:104,10,0,18
BRDA:104,10,1,18
BRDA:104,10,2,18
BRDA:104,10,3,18
BRDA:111,11,0,18
BRDA:111,11,1,0
BRDA:113,12,0,18
BRDA:113,12,1,0
BRDA:124,13,0,0
BRDA:124,13,1,2
BRDA:133,14,0,0
BRDA:133,14,1,2
BRDA:141,15,0,8
BRDA:141,15,1,10
BRDA:141,16,0,18
BRDA:141,16,1,8
BRDA:156,17,0,20
BRDA:156,17,1,0
BRDA:157,18,0,0
BRDA:157,18,1,20
BRDA:157,19,0,20
BRDA:157,19,1,0
BRDA:161,20,0,0
BRDA:161,20,1,0
BRDA:168,21,0,0
BRDA:168,21,1,2
BRDA:175,22,0,0
BRDA:175,22,1,2
BRDA:175,23,0,2
BRDA:175,23,1,0
BRDA:180,24,0,0
BRDA:180,24,1,2
BRDA:180,25,0,2
BRDA:180,25,1,0
BRDA:222,26,0,9
BRDA:222,26,1,0
BRDA:223,27,0,0
BRDA:223,27,1,9
BRDA:223,28,0,9
BRDA:223,28,1,0
BRDA:231,29,0,0
BRDA:231,29,1,4
BRDA:235,30,0,4
BRDA:235,30,1,0
BRDA:239,31,0,1
BRDA:239,31,1,0
BRDA:239,31,2,1
BRDA:239,31,3,2
BRDA:239,31,4,0
BRDA:239,31,5,0
BRF:72
BRH:42
end_of_record
TN:
SF:src/server/utils/Player.utils.js
FN:30,increasePlayerScore
FN:34,increasePlayerLines
FN:38,updatePlayerLevel
FN:50,updatePlayerGameboard
FN:54,updatePlayerPosition
FN:58,updatePlayersIndestructibleLines
FN:60,(anonymous_6)
FN:68,resetPlayerIndestructibleLines
FN:72,initializePlayer
FN:98,initializeSpectator
FNF:10
FNH:10
FNDA:1,increasePlayerScore
FNDA:2,increasePlayerLines
FNDA:1,updatePlayerLevel
FNDA:1,updatePlayerGameboard
FNDA:1,updatePlayerPosition
FNDA:1,updatePlayersIndestructibleLines
FNDA:3,(anonymous_6)
FNDA:1,resetPlayerIndestructibleLines
FNDA:1,initializePlayer
FNDA:1,initializeSpectator
DA:1,1
DA:3,1
DA:31,1
DA:35,2
DA:39,1
DA:40,6
DA:41,5
DA:43,5
DA:44,5
DA:46,1
DA:51,1
DA:55,1
DA:59,1
DA:60,1
DA:61,3
DA:62,2
DA:69,1
DA:73,1
DA:99,1
DA:106,1
LF:20
LH:20
BRDA:34,0,0,1
BRDA:40,1,0,5
BRDA:40,1,1,1
BRDA:43,2,0,5
BRDA:43,2,1,0
BRDA:58,3,0,0
BRDA:59,4,0,1
BRDA:59,4,1,0
BRDA:61,5,0,2
BRDA:61,5,1,1
BRF:10
BRH:7
end_of_record
TN:
SF:src/server/utils/Room.utils.js
FN:3,getRoom
FN:4,(anonymous_1)
FN:7,deleteRoom
FN:8,(anonymous_3)
FN:16,getPlayer
FN:18,(anonymous_5)
FN:21,deletePlayer
FN:23,(anonymous_7)
FN:27,getNewOwner
FN:30,(anonymous_9)
FN:33,(anonymous_10)
FN:42,resetRoom
FN:46,(anonymous_12)
FN:59,getRoomContext
FN:71,getSpectator
FN:73,(anonymous_15)
FN:76,setRoomWinner
FN:81,clearRoomInterval
FNF:18
FNH:15
FNDA:11,getRoom
FNDA:19,(anonymous_1)
FNDA:1,deleteRoom
FNDA:3,(anonymous_3)
FNDA:4,getPlayer
FNDA:4,(anonymous_5)
FNDA:1,deletePlayer
FNDA:1,(anonymous_7)
FNDA:2,getNewOwner
FNDA:3,(anonymous_9)
FNDA:1,(anonymous_10)
FNDA:0,resetRoom
FNDA:0,(anonymous_12)
FNDA:2,getRoomContext
FNDA:1,getSpectator
FNDA:0,(anonymous_15)
FNDA:1,setRoomWinner
FNDA:2,clearRoomInterval
DA:1,1
DA:4,19
DA:8,3
DA:9,1
DA:10,1
DA:11,1
DA:12,1
DA:17,4
DA:18,4
DA:22,1
DA:23,1
DA:24,1
DA:28,2
DA:29,2
DA:30,3
DA:32,2
DA:33,1
DA:35,2
DA:36,1
DA:37,1
DA:38,1
DA:43,0
DA:45,0
DA:46,0
DA:47,0
DA:48,0
DA:49,0
DA:52,0
DA:53,0
DA:54,0
DA:55,0
DA:56,0
DA:60,2
DA:61,1
DA:64,1
DA:65,1
DA:72,1
DA:73,1
DA:77,1
DA:78,1
DA:82,2
DA:83,1
DA:84,1
DA:88,1
LF:44
LH:33
BRDA:10,0,0,1
BRDA:10,0,1,0
BRDA:10,1,0,1
BRDA:10,1,1,1
BRDA:35,2,0,1
BRDA:35,2,1,1
BRDA:37,3,0,1
BRDA:37,3,1,0
BRDA:60,4,0,1
BRDA:60,4,1,1
BRDA:60,5,0,2
BRDA:60,5,1,2
BRDA:60,5,2,1
BRDA:67,6,0,1
BRDA:67,6,1,0
BRDA:82,7,0,1
BRDA:82,7,1,1
BRF:17
BRH:14
end_of_record
TN:
SF:src/server/utils/Tetriminos.utils.js
FN:41,getRandomTetrimino
FN:58,rotateTetrimino
FN:59,(anonymous_2)
FN:60,(anonymous_3)
FN:67,placeTetrimino
FN:75,(anonymous_5)
FN:84,(anonymous_6)
FN:85,(anonymous_7)
FN:95,(anonymous_8)
FN:96,(anonymous_9)
FN:106,(anonymous_10)
FN:107,(anonymous_11)
FN:120,(anonymous_12)
FN:121,(anonymous_13)
FN:142,findPostionToPrevisualizeTetrimino
FN:150,checkTetriminoCollision
FN:169,spawnNewTetrimino
FN:184,clearFullLines
FN:188,(anonymous_18)
FN:189,(anonymous_19)
FN:190,(anonymous_20)
FNF:21
FNH:21
FNDA:4,getRandomTetrimino
FNDA:1,rotateTetrimino
FNDA:3,(anonymous_2)
FNDA:9,(anonymous_3)
FNDA:5,placeTetrimino
FNDA:12,(anonymous_5)
FNDA:46,(anonymous_6)
FNDA:460,(anonymous_7)
FNDA:6,(anonymous_8)
FNDA:18,(anonymous_9)
FNDA:6,(anonymous_10)
FNDA:18,(anonymous_11)
FNDA:6,(anonymous_12)
FNDA:18,(anonymous_13)
FNDA:5,findPostionToPrevisualizeTetrimino
FNDA:88,checkTetriminoCollision
FNDA:2,spawnNewTetrimino
FNDA:2,clearFullLines
FNDA:40,(anonymous_18)
FNDA:40,(anonymous_19)
FNDA:400,(anonymous_20)
DA:1,2
DA:3,2
DA:42,4
DA:44,4
DA:45,1
DA:46,1
DA:49,3
DA:50,3
DA:51,1002
DA:52,1002
DA:55,3
DA:59,1
DA:60,9
DA:64,1
DA:68,5
DA:69,5
DA:71,5
DA:72,1
DA:75,12
DA:76,4
DA:78,4
DA:80,4
DA:81,2
DA:84,2
DA:85,46
DA:86,460
DA:87,460
DA:88,460
DA:89,0
DA:95,2
DA:96,6
DA:97,18
DA:98,18
DA:99,18
DA:100,8
DA:106,2
DA:107,6
DA:108,18
DA:109,18
DA:111,18
DA:112,18
DA:113,18
DA:114,0
DA:120,2
DA:121,6
DA:122,18
DA:123,18
DA:124,18
DA:125,8
DA:131,2
DA:134,2
DA:136,2
DA:138,2
DA:143,5
DA:144,5
DA:145,77
DA:147,5
DA:151,88
DA:152,262
DA:153,777
DA:154,343
DA:155,343
DA:156,343
DA:157,343
DA:161,7
DA:166,81
DA:170,2
DA:172,2
DA:173,2
DA:177,2
DA:180,2
DA:181,2
DA:185,2
DA:186,2
DA:188,2
DA:189,40
DA:190,400
DA:191,40
DA:192,0
DA:194,0
DA:195,0
DA:196,0
DA:199,40
DA:200,40
DA:207,2
DA:208,0
DA:215,2
DA:217,2
DA:218,2
DA:219,2
DA:220,2
DA:221,2
DA:224,2
LF:93
LH:86
BRDA:44,0,0,1
BRDA:44,0,1,3
BRDA:71,1,0,1
BRDA:71,1,1,4
BRDA:71,2,0,5
BRDA:71,2,1,4
BRDA:80,3,0,2
BRDA:80,3,1,2
BRDA:87,4,0,460
BRDA:87,4,1,0
BRDA:88,5,0,0
BRDA:88,5,1,460
BRDA:88,6,0,460
BRDA:88,6,1,0
BRDA:99,7,0,8
BRDA:99,7,1,10
BRDA:112,8,0,18
BRDA:112,8,1,0
BRDA:113,9,0,0
BRDA:113,9,1,18
BRDA:113,10,0,18
BRDA:113,10,1,0
BRDA:124,11,0,8
BRDA:124,11,1,10
BRDA:153,12,0,343
BRDA:153,12,1,434
BRDA:157,13,0,7
BRDA:157,13,1,336
BRDA:158,14,0,343
BRDA:158,14,1,336
BRDA:158,14,2,0
BRDA:172,15,0,2
BRDA:172,15,1,0
BRDA:189,16,0,0
BRDA:189,16,1,40
BRDA:191,17,0,0
BRDA:191,17,1,40
BRDA:191,18,0,40
BRDA:191,18,1,0
BRDA:207,19,0,0
BRDA:207,19,1,2
BRDA:207,20,0,2
BRDA:207,20,1,0
BRF:43
BRH:30
end_of_record
